#
# There is insufficient memory for the Java Runtime Environment to continue.
# Native memory allocation (malloc) failed to allocate 116176 bytes for Chunk::new
# Possible reasons:
#   The system is out of physical RAM or swap space
#   The process is running with CompressedOops enabled, and the Java Heap may be blocking the growth of the native heap
# Possible solutions:
#   Reduce memory load on the system
#   Increase physical memory or swap space
#   Check if swap backing store is full
#   Decrease Java heap size (-Xmx/-Xms)
#   Decrease number of Java threads
#   Decrease Java thread stack sizes (-Xss)
#   Set larger code cache with -XX:ReservedCodeCacheSize=
#   JVM is running with Unscaled Compressed Oops mode in which the Java heap is
#     placed in the first 4GB address space. The Java Heap base address is the
#     maximum limit for the native heap growth. Please use -XX:HeapBaseMinAddress
#     to set the Java Heap base and to place the Java Heap above 4GB virtual address.
# This output file may be truncated or incomplete.
#
#  Out of Memory Error (arena.cpp:189), pid=18272, tid=21600
#
# JRE version: Java(TM) SE Runtime Environment (17.0.10+11) (build 17.0.10+11-LTS-240)
# Java VM: Java HotSpot(TM) 64-Bit Server VM (17.0.10+11-LTS-240, mixed mode, sharing, tiered, compressed oops, compressed class ptrs, g1 gc, windows-amd64)
# No core dump will be written. Minidumps are not enabled by default on client versions of Windows
#

---------------  S U M M A R Y ------------

Command Line: -Dfile.encoding=Cp1252 -XX:+ShowCodeDetailsInExceptionMessages testprocess.ecommerseproject

Host: Intel(R) Core(TM) i3-7100 CPU @ 3.90GHz, 4 cores, 7G,  Windows 10 , 64 bit Build 19041 (10.0.19041.3636)
Time: Mon Apr  1 12:23:59 2024 India Standard Time elapsed time: 0.513598 seconds (0d 0h 0m 0s)

---------------  T H R E A D  ---------------

Current thread (0x000001a6a6069940):  JavaThread "C2 CompilerThread0" daemon [_thread_in_native, id=21600, stack(0x0000001863900000,0x0000001863a00000)]


Current CompileTask:
C2:    513  426       4       java.lang.StringLatin1::replace (198 bytes)

Stack: [0x0000001863900000,0x0000001863a00000]
Native frames: (J=compiled Java code, j=interpreted, Vv=VM code, C=native code)
V  [jvm.dll+0x677a5a]
V  [jvm.dll+0x7d8b2d]
V  [jvm.dll+0x7da48e]
V  [jvm.dll+0x7daaf3]
V  [jvm.dll+0x2455ff]
V  [jvm.dll+0xaaafb]
V  [jvm.dll+0xab09c]
V  [jvm.dll+0x361bae]
V  [jvm.dll+0x32c211]
V  [jvm.dll+0x32b6aa]
V  [jvm.dll+0x21794f]
V  [jvm.dll+0x216d81]
V  [jvm.dll+0x1a3410]
V  [jvm.dll+0x226aeb]
V  [jvm.dll+0x224cab]
V  [jvm.dll+0x78e45c]
V  [jvm.dll+0x78888a]
V  [jvm.dll+0x676935]
C  [ucrtbase.dll+0x21bb2]
C  [KERNEL32.DLL+0x17344]
C  [ntdll.dll+0x526b1]


---------------  P R O C E S S  ---------------

Threads class SMR info:
_java_thread_list=0x000001a6a62a8870, length=12, elements={
0x000001a6887e6c10, 0x000001a6a6049e50, 0x000001a6a604b4c0, 0x000001a6a6060430,
0x000001a6a6060f00, 0x000001a6a6063f80, 0x000001a6a6064ff0, 0x000001a6a6069940,
0x000001a6a606d250, 0x000001a6a607eac0, 0x000001a6a62a30e0, 0x000001a6a62b40b0
}

Java Threads: ( => current thread )
  0x000001a6887e6c10 JavaThread "main" [_thread_blocked, id=21032, stack(0x0000001862c00000,0x0000001862d00000)]
  0x000001a6a6049e50 JavaThread "Reference Handler" daemon [_thread_blocked, id=20612, stack(0x0000001863300000,0x0000001863400000)]
  0x000001a6a604b4c0 JavaThread "Finalizer" daemon [_thread_blocked, id=3508, stack(0x0000001863400000,0x0000001863500000)]
  0x000001a6a6060430 JavaThread "Signal Dispatcher" daemon [_thread_blocked, id=6312, stack(0x0000001863500000,0x0000001863600000)]
  0x000001a6a6060f00 JavaThread "Attach Listener" daemon [_thread_blocked, id=22800, stack(0x0000001863600000,0x0000001863700000)]
  0x000001a6a6063f80 JavaThread "Service Thread" daemon [_thread_blocked, id=23264, stack(0x0000001863700000,0x0000001863800000)]
  0x000001a6a6064ff0 JavaThread "Monitor Deflation Thread" daemon [_thread_blocked, id=4748, stack(0x0000001863800000,0x0000001863900000)]
=>0x000001a6a6069940 JavaThread "C2 CompilerThread0" daemon [_thread_in_native, id=21600, stack(0x0000001863900000,0x0000001863a00000)]
  0x000001a6a606d250 JavaThread "C1 CompilerThread0" daemon [_thread_in_vm, id=19624, stack(0x0000001863a00000,0x0000001863b00000)]
  0x000001a6a607eac0 JavaThread "Sweeper thread" daemon [_thread_blocked, id=21108, stack(0x0000001863b00000,0x0000001863c00000)]
  0x000001a6a62a30e0 JavaThread "Notification Thread" daemon [_thread_blocked, id=20100, stack(0x0000001863c00000,0x0000001863d00000)]
  0x000001a6a62b40b0 JavaThread "Common-Cleaner" daemon [_thread_blocked, id=21556, stack(0x0000001863e00000,0x0000001863f00000)]

Other Threads:
  0x000001a6a6041ec0 VMThread "VM Thread" [stack: 0x0000001863200000,0x0000001863300000] [id=20012]
  0x000001a6a62afe00 WatcherThread [stack: 0x0000001863d00000,0x0000001863e00000] [id=21508]
  0x000001a688840f70 GCTaskThread "GC Thread#0" [stack: 0x0000001862d00000,0x0000001862e00000] [id=8364]
  0x000001a688853a70 ConcurrentGCThread "G1 Main Marker" [stack: 0x0000001862e00000,0x0000001862f00000] [id=12980]
  0x000001a688854c70 ConcurrentGCThread "G1 Conc#0" [stack: 0x0000001862f00000,0x0000001863000000] [id=20672]
  0x000001a6a5f00090 ConcurrentGCThread "G1 Refine#0" [stack: 0x0000001863000000,0x0000001863100000] [id=15224]
  0x000001a6a5f012b0 ConcurrentGCThread "G1 Service" [stack: 0x0000001863100000,0x0000001863200000] [id=21772]

Threads with active compile tasks:
C2 CompilerThread0      533  426       4       java.lang.StringLatin1::replace (198 bytes)
C1 CompilerThread0      533  422       3       java.net.URLStreamHandler::parseURL (1201 bytes)

VM state: not at safepoint (normal execution)

VM Mutex/Monitor currently owned by a thread:  ([mutex/lock_event])
[0x000001a6887df540] CodeCache_lock - owner thread: 0x000001a6a606d250
[0x000001a6887e1b00] Compile_lock - owner thread: 0x000001a6a606d250
[0x000001a6887e2ac0] MethodCompileQueue_lock - owner thread: 0x000001a6a606d250

Heap address: 0x0000000081c00000, size: 2020 MB, Compressed Oops mode: 32-bit

CDS archive(s) mapped at: [0x000001a6a7000000-0x000001a6a7bd0000-0x000001a6a7bd0000), size 12386304, SharedBaseAddress: 0x000001a6a7000000, ArchiveRelocationMode: 1.
Compressed class space mapped at: 0x000001a6a8000000-0x000001a6e8000000, reserved size: 1073741824
Narrow klass base: 0x000001a6a7000000, Narrow klass shift: 0, Narrow klass range: 0x100000000

GC Precious Log:
 CPUs: 4 total, 4 available
 Memory: 8078M
 Large Page Support: Disabled
 NUMA Support: Disabled
 Compressed Oops: Enabled (32-bit)
 Heap Region Size: 1M
 Heap Min Capacity: 8M
 Heap Initial Capacity: 128M
 Heap Max Capacity: 2020M
 Pre-touch: Disabled
 Parallel Workers: 4
 Concurrent Workers: 1
 Concurrent Refinement Workers: 4
 Periodic GC: Disabled

Heap:
 garbage-first heap   total 131072K, used 5120K [0x0000000081c00000, 0x0000000100000000)
  region size 1024K, 7 young (7168K), 0 survivors (0K)
 Metaspace       used 1607K, committed 1792K, reserved 1114112K
  class space    used 180K, committed 256K, reserved 1048576K

Heap Regions: E=young(eden), S=young(survivor), O=old, HS=humongous(starts), HC=humongous(continues), CS=collection set, F=free, OA=open archive, CA=closed archive, TAMS=top-at-mark-start (previous, next)
|   0|0x0000000081c00000, 0x0000000081c00000, 0x0000000081d00000|  0%| F|  |TAMS 0x0000000081c00000, 0x0000000081c00000| Untracked 
|   1|0x0000000081d00000, 0x0000000081d00000, 0x0000000081e00000|  0%| F|  |TAMS 0x0000000081d00000, 0x0000000081d00000| Untracked 
|   2|0x0000000081e00000, 0x0000000081e00000, 0x0000000081f00000|  0%| F|  |TAMS 0x0000000081e00000, 0x0000000081e00000| Untracked 
|   3|0x0000000081f00000, 0x0000000081f00000, 0x0000000082000000|  0%| F|  |TAMS 0x0000000081f00000, 0x0000000081f00000| Untracked 
|   4|0x0000000082000000, 0x0000000082000000, 0x0000000082100000|  0%| F|  |TAMS 0x0000000082000000, 0x0000000082000000| Untracked 
|   5|0x0000000082100000, 0x0000000082100000, 0x0000000082200000|  0%| F|  |TAMS 0x0000000082100000, 0x0000000082100000| Untracked 
|   6|0x0000000082200000, 0x0000000082200000, 0x0000000082300000|  0%| F|  |TAMS 0x0000000082200000, 0x0000000082200000| Untracked 
|   7|0x0000000082300000, 0x0000000082300000, 0x0000000082400000|  0%| F|  |TAMS 0x0000000082300000, 0x0000000082300000| Untracked 
|   8|0x0000000082400000, 0x0000000082400000, 0x0000000082500000|  0%| F|  |TAMS 0x0000000082400000, 0x0000000082400000| Untracked 
|   9|0x0000000082500000, 0x0000000082500000, 0x0000000082600000|  0%| F|  |TAMS 0x0000000082500000, 0x0000000082500000| Untracked 
|  10|0x0000000082600000, 0x0000000082600000, 0x0000000082700000|  0%| F|  |TAMS 0x0000000082600000, 0x0000000082600000| Untracked 
|  11|0x0000000082700000, 0x0000000082700000, 0x0000000082800000|  0%| F|  |TAMS 0x0000000082700000, 0x0000000082700000| Untracked 
|  12|0x0000000082800000, 0x0000000082800000, 0x0000000082900000|  0%| F|  |TAMS 0x0000000082800000, 0x0000000082800000| Untracked 
|  13|0x0000000082900000, 0x0000000082900000, 0x0000000082a00000|  0%| F|  |TAMS 0x0000000082900000, 0x0000000082900000| Untracked 
|  14|0x0000000082a00000, 0x0000000082a00000, 0x0000000082b00000|  0%| F|  |TAMS 0x0000000082a00000, 0x0000000082a00000| Untracked 
|  15|0x0000000082b00000, 0x0000000082b00000, 0x0000000082c00000|  0%| F|  |TAMS 0x0000000082b00000, 0x0000000082b00000| Untracked 
|  16|0x0000000082c00000, 0x0000000082c00000, 0x0000000082d00000|  0%| F|  |TAMS 0x0000000082c00000, 0x0000000082c00000| Untracked 
|  17|0x0000000082d00000, 0x0000000082d00000, 0x0000000082e00000|  0%| F|  |TAMS 0x0000000082d00000, 0x0000000082d00000| Untracked 
|  18|0x0000000082e00000, 0x0000000082e00000, 0x0000000082f00000|  0%| F|  |TAMS 0x0000000082e00000, 0x0000000082e00000| Untracked 
|  19|0x0000000082f00000, 0x0000000082f00000, 0x0000000083000000|  0%| F|  |TAMS 0x0000000082f00000, 0x0000000082f00000| Untracked 
|  20|0x0000000083000000, 0x0000000083000000, 0x0000000083100000|  0%| F|  |TAMS 0x0000000083000000, 0x0000000083000000| Untracked 
|  21|0x0000000083100000, 0x0000000083100000, 0x0000000083200000|  0%| F|  |TAMS 0x0000000083100000, 0x0000000083100000| Untracked 
|  22|0x0000000083200000, 0x0000000083200000, 0x0000000083300000|  0%| F|  |TAMS 0x0000000083200000, 0x0000000083200000| Untracked 
|  23|0x0000000083300000, 0x0000000083300000, 0x0000000083400000|  0%| F|  |TAMS 0x0000000083300000, 0x0000000083300000| Untracked 
|  24|0x0000000083400000, 0x0000000083400000, 0x0000000083500000|  0%| F|  |TAMS 0x0000000083400000, 0x0000000083400000| Untracked 
|  25|0x0000000083500000, 0x0000000083500000, 0x0000000083600000|  0%| F|  |TAMS 0x0000000083500000, 0x0000000083500000| Untracked 
|  26|0x0000000083600000, 0x0000000083600000, 0x0000000083700000|  0%| F|  |TAMS 0x0000000083600000, 0x0000000083600000| Untracked 
|  27|0x0000000083700000, 0x0000000083700000, 0x0000000083800000|  0%| F|  |TAMS 0x0000000083700000, 0x0000000083700000| Untracked 
|  28|0x0000000083800000, 0x0000000083800000, 0x0000000083900000|  0%| F|  |TAMS 0x0000000083800000, 0x0000000083800000| Untracked 
|  29|0x0000000083900000, 0x0000000083900000, 0x0000000083a00000|  0%| F|  |TAMS 0x0000000083900000, 0x0000000083900000| Untracked 
|  30|0x0000000083a00000, 0x0000000083a00000, 0x0000000083b00000|  0%| F|  |TAMS 0x0000000083a00000, 0x0000000083a00000| Untracked 
|  31|0x0000000083b00000, 0x0000000083b00000, 0x0000000083c00000|  0%| F|  |TAMS 0x0000000083b00000, 0x0000000083b00000| Untracked 
|  32|0x0000000083c00000, 0x0000000083c00000, 0x0000000083d00000|  0%| F|  |TAMS 0x0000000083c00000, 0x0000000083c00000| Untracked 
|  33|0x0000000083d00000, 0x0000000083d00000, 0x0000000083e00000|  0%| F|  |TAMS 0x0000000083d00000, 0x0000000083d00000| Untracked 
|  34|0x0000000083e00000, 0x0000000083e00000, 0x0000000083f00000|  0%| F|  |TAMS 0x0000000083e00000, 0x0000000083e00000| Untracked 
|  35|0x0000000083f00000, 0x0000000083f00000, 0x0000000084000000|  0%| F|  |TAMS 0x0000000083f00000, 0x0000000083f00000| Untracked 
|  36|0x0000000084000000, 0x0000000084000000, 0x0000000084100000|  0%| F|  |TAMS 0x0000000084000000, 0x0000000084000000| Untracked 
|  37|0x0000000084100000, 0x0000000084100000, 0x0000000084200000|  0%| F|  |TAMS 0x0000000084100000, 0x0000000084100000| Untracked 
|  38|0x0000000084200000, 0x0000000084200000, 0x0000000084300000|  0%| F|  |TAMS 0x0000000084200000, 0x0000000084200000| Untracked 
|  39|0x0000000084300000, 0x0000000084300000, 0x0000000084400000|  0%| F|  |TAMS 0x0000000084300000, 0x0000000084300000| Untracked 
|  40|0x0000000084400000, 0x0000000084400000, 0x0000000084500000|  0%| F|  |TAMS 0x0000000084400000, 0x0000000084400000| Untracked 
|  41|0x0000000084500000, 0x0000000084500000, 0x0000000084600000|  0%| F|  |TAMS 0x0000000084500000, 0x0000000084500000| Untracked 
|  42|0x0000000084600000, 0x0000000084600000, 0x0000000084700000|  0%| F|  |TAMS 0x0000000084600000, 0x0000000084600000| Untracked 
|  43|0x0000000084700000, 0x0000000084700000, 0x0000000084800000|  0%| F|  |TAMS 0x0000000084700000, 0x0000000084700000| Untracked 
|  44|0x0000000084800000, 0x0000000084800000, 0x0000000084900000|  0%| F|  |TAMS 0x0000000084800000, 0x0000000084800000| Untracked 
|  45|0x0000000084900000, 0x0000000084900000, 0x0000000084a00000|  0%| F|  |TAMS 0x0000000084900000, 0x0000000084900000| Untracked 
|  46|0x0000000084a00000, 0x0000000084a00000, 0x0000000084b00000|  0%| F|  |TAMS 0x0000000084a00000, 0x0000000084a00000| Untracked 
|  47|0x0000000084b00000, 0x0000000084b00000, 0x0000000084c00000|  0%| F|  |TAMS 0x0000000084b00000, 0x0000000084b00000| Untracked 
|  48|0x0000000084c00000, 0x0000000084c00000, 0x0000000084d00000|  0%| F|  |TAMS 0x0000000084c00000, 0x0000000084c00000| Untracked 
|  49|0x0000000084d00000, 0x0000000084d00000, 0x0000000084e00000|  0%| F|  |TAMS 0x0000000084d00000, 0x0000000084d00000| Untracked 
|  50|0x0000000084e00000, 0x0000000084e00000, 0x0000000084f00000|  0%| F|  |TAMS 0x0000000084e00000, 0x0000000084e00000| Untracked 
|  51|0x0000000084f00000, 0x0000000084f00000, 0x0000000085000000|  0%| F|  |TAMS 0x0000000084f00000, 0x0000000084f00000| Untracked 
|  52|0x0000000085000000, 0x0000000085000000, 0x0000000085100000|  0%| F|  |TAMS 0x0000000085000000, 0x0000000085000000| Untracked 
|  53|0x0000000085100000, 0x0000000085100000, 0x0000000085200000|  0%| F|  |TAMS 0x0000000085100000, 0x0000000085100000| Untracked 
|  54|0x0000000085200000, 0x0000000085200000, 0x0000000085300000|  0%| F|  |TAMS 0x0000000085200000, 0x0000000085200000| Untracked 
|  55|0x0000000085300000, 0x0000000085300000, 0x0000000085400000|  0%| F|  |TAMS 0x0000000085300000, 0x0000000085300000| Untracked 
|  56|0x0000000085400000, 0x0000000085400000, 0x0000000085500000|  0%| F|  |TAMS 0x0000000085400000, 0x0000000085400000| Untracked 
|  57|0x0000000085500000, 0x0000000085500000, 0x0000000085600000|  0%| F|  |TAMS 0x0000000085500000, 0x0000000085500000| Untracked 
|  58|0x0000000085600000, 0x0000000085600000, 0x0000000085700000|  0%| F|  |TAMS 0x0000000085600000, 0x0000000085600000| Untracked 
|  59|0x0000000085700000, 0x0000000085700000, 0x0000000085800000|  0%| F|  |TAMS 0x0000000085700000, 0x0000000085700000| Untracked 
|  60|0x0000000085800000, 0x0000000085800000, 0x0000000085900000|  0%| F|  |TAMS 0x0000000085800000, 0x0000000085800000| Untracked 
|  61|0x0000000085900000, 0x0000000085900000, 0x0000000085a00000|  0%| F|  |TAMS 0x0000000085900000, 0x0000000085900000| Untracked 
|  62|0x0000000085a00000, 0x0000000085a00000, 0x0000000085b00000|  0%| F|  |TAMS 0x0000000085a00000, 0x0000000085a00000| Untracked 
|  63|0x0000000085b00000, 0x0000000085b00000, 0x0000000085c00000|  0%| F|  |TAMS 0x0000000085b00000, 0x0000000085b00000| Untracked 
|  64|0x0000000085c00000, 0x0000000085c00000, 0x0000000085d00000|  0%| F|  |TAMS 0x0000000085c00000, 0x0000000085c00000| Untracked 
|  65|0x0000000085d00000, 0x0000000085d00000, 0x0000000085e00000|  0%| F|  |TAMS 0x0000000085d00000, 0x0000000085d00000| Untracked 
|  66|0x0000000085e00000, 0x0000000085e00000, 0x0000000085f00000|  0%| F|  |TAMS 0x0000000085e00000, 0x0000000085e00000| Untracked 
|  67|0x0000000085f00000, 0x0000000085f00000, 0x0000000086000000|  0%| F|  |TAMS 0x0000000085f00000, 0x0000000085f00000| Untracked 
|  68|0x0000000086000000, 0x0000000086000000, 0x0000000086100000|  0%| F|  |TAMS 0x0000000086000000, 0x0000000086000000| Untracked 
|  69|0x0000000086100000, 0x0000000086100000, 0x0000000086200000|  0%| F|  |TAMS 0x0000000086100000, 0x0000000086100000| Untracked 
|  70|0x0000000086200000, 0x0000000086200000, 0x0000000086300000|  0%| F|  |TAMS 0x0000000086200000, 0x0000000086200000| Untracked 
|  71|0x0000000086300000, 0x0000000086300000, 0x0000000086400000|  0%| F|  |TAMS 0x0000000086300000, 0x0000000086300000| Untracked 
|  72|0x0000000086400000, 0x0000000086400000, 0x0000000086500000|  0%| F|  |TAMS 0x0000000086400000, 0x0000000086400000| Untracked 
|  73|0x0000000086500000, 0x0000000086500000, 0x0000000086600000|  0%| F|  |TAMS 0x0000000086500000, 0x0000000086500000| Untracked 
|  74|0x0000000086600000, 0x0000000086600000, 0x0000000086700000|  0%| F|  |TAMS 0x0000000086600000, 0x0000000086600000| Untracked 
|  75|0x0000000086700000, 0x0000000086700000, 0x0000000086800000|  0%| F|  |TAMS 0x0000000086700000, 0x0000000086700000| Untracked 
|  76|0x0000000086800000, 0x0000000086800000, 0x0000000086900000|  0%| F|  |TAMS 0x0000000086800000, 0x0000000086800000| Untracked 
|  77|0x0000000086900000, 0x0000000086900000, 0x0000000086a00000|  0%| F|  |TAMS 0x0000000086900000, 0x0000000086900000| Untracked 
|  78|0x0000000086a00000, 0x0000000086a00000, 0x0000000086b00000|  0%| F|  |TAMS 0x0000000086a00000, 0x0000000086a00000| Untracked 
|  79|0x0000000086b00000, 0x0000000086b00000, 0x0000000086c00000|  0%| F|  |TAMS 0x0000000086b00000, 0x0000000086b00000| Untracked 
|  80|0x0000000086c00000, 0x0000000086c00000, 0x0000000086d00000|  0%| F|  |TAMS 0x0000000086c00000, 0x0000000086c00000| Untracked 
|  81|0x0000000086d00000, 0x0000000086d00000, 0x0000000086e00000|  0%| F|  |TAMS 0x0000000086d00000, 0x0000000086d00000| Untracked 
|  82|0x0000000086e00000, 0x0000000086e00000, 0x0000000086f00000|  0%| F|  |TAMS 0x0000000086e00000, 0x0000000086e00000| Untracked 
|  83|0x0000000086f00000, 0x0000000086f00000, 0x0000000087000000|  0%| F|  |TAMS 0x0000000086f00000, 0x0000000086f00000| Untracked 
|  84|0x0000000087000000, 0x0000000087000000, 0x0000000087100000|  0%| F|  |TAMS 0x0000000087000000, 0x0000000087000000| Untracked 
|  85|0x0000000087100000, 0x0000000087100000, 0x0000000087200000|  0%| F|  |TAMS 0x0000000087100000, 0x0000000087100000| Untracked 
|  86|0x0000000087200000, 0x0000000087200000, 0x0000000087300000|  0%| F|  |TAMS 0x0000000087200000, 0x0000000087200000| Untracked 
|  87|0x0000000087300000, 0x0000000087300000, 0x0000000087400000|  0%| F|  |TAMS 0x0000000087300000, 0x0000000087300000| Untracked 
|  88|0x0000000087400000, 0x0000000087400000, 0x0000000087500000|  0%| F|  |TAMS 0x0000000087400000, 0x0000000087400000| Untracked 
|  89|0x0000000087500000, 0x0000000087500000, 0x0000000087600000|  0%| F|  |TAMS 0x0000000087500000, 0x0000000087500000| Untracked 
|  90|0x0000000087600000, 0x0000000087600000, 0x0000000087700000|  0%| F|  |TAMS 0x0000000087600000, 0x0000000087600000| Untracked 
|  91|0x0000000087700000, 0x0000000087700000, 0x0000000087800000|  0%| F|  |TAMS 0x0000000087700000, 0x0000000087700000| Untracked 
|  92|0x0000000087800000, 0x0000000087800000, 0x0000000087900000|  0%| F|  |TAMS 0x0000000087800000, 0x0000000087800000| Untracked 
|  93|0x0000000087900000, 0x0000000087900000, 0x0000000087a00000|  0%| F|  |TAMS 0x0000000087900000, 0x0000000087900000| Untracked 
|  94|0x0000000087a00000, 0x0000000087a00000, 0x0000000087b00000|  0%| F|  |TAMS 0x0000000087a00000, 0x0000000087a00000| Untracked 
|  95|0x0000000087b00000, 0x0000000087b00000, 0x0000000087c00000|  0%| F|  |TAMS 0x0000000087b00000, 0x0000000087b00000| Untracked 
|  96|0x0000000087c00000, 0x0000000087c00000, 0x0000000087d00000|  0%| F|  |TAMS 0x0000000087c00000, 0x0000000087c00000| Untracked 
|  97|0x0000000087d00000, 0x0000000087d00000, 0x0000000087e00000|  0%| F|  |TAMS 0x0000000087d00000, 0x0000000087d00000| Untracked 
|  98|0x0000000087e00000, 0x0000000087e00000, 0x0000000087f00000|  0%| F|  |TAMS 0x0000000087e00000, 0x0000000087e00000| Untracked 
|  99|0x0000000087f00000, 0x0000000087f00000, 0x0000000088000000|  0%| F|  |TAMS 0x0000000087f00000, 0x0000000087f00000| Untracked 
| 100|0x0000000088000000, 0x0000000088000000, 0x0000000088100000|  0%| F|  |TAMS 0x0000000088000000, 0x0000000088000000| Untracked 
| 101|0x0000000088100000, 0x0000000088100000, 0x0000000088200000|  0%| F|  |TAMS 0x0000000088100000, 0x0000000088100000| Untracked 
| 102|0x0000000088200000, 0x0000000088200000, 0x0000000088300000|  0%| F|  |TAMS 0x0000000088200000, 0x0000000088200000| Untracked 
| 103|0x0000000088300000, 0x0000000088300000, 0x0000000088400000|  0%| F|  |TAMS 0x0000000088300000, 0x0000000088300000| Untracked 
| 104|0x0000000088400000, 0x0000000088400000, 0x0000000088500000|  0%| F|  |TAMS 0x0000000088400000, 0x0000000088400000| Untracked 
| 105|0x0000000088500000, 0x0000000088500000, 0x0000000088600000|  0%| F|  |TAMS 0x0000000088500000, 0x0000000088500000| Untracked 
| 106|0x0000000088600000, 0x0000000088600000, 0x0000000088700000|  0%| F|  |TAMS 0x0000000088600000, 0x0000000088600000| Untracked 
| 107|0x0000000088700000, 0x0000000088700000, 0x0000000088800000|  0%| F|  |TAMS 0x0000000088700000, 0x0000000088700000| Untracked 
| 108|0x0000000088800000, 0x0000000088800000, 0x0000000088900000|  0%| F|  |TAMS 0x0000000088800000, 0x0000000088800000| Untracked 
| 109|0x0000000088900000, 0x0000000088900000, 0x0000000088a00000|  0%| F|  |TAMS 0x0000000088900000, 0x0000000088900000| Untracked 
| 110|0x0000000088a00000, 0x0000000088a00000, 0x0000000088b00000|  0%| F|  |TAMS 0x0000000088a00000, 0x0000000088a00000| Untracked 
| 111|0x0000000088b00000, 0x0000000088b00000, 0x0000000088c00000|  0%| F|  |TAMS 0x0000000088b00000, 0x0000000088b00000| Untracked 
| 112|0x0000000088c00000, 0x0000000088c00000, 0x0000000088d00000|  0%| F|  |TAMS 0x0000000088c00000, 0x0000000088c00000| Untracked 
| 113|0x0000000088d00000, 0x0000000088d00000, 0x0000000088e00000|  0%| F|  |TAMS 0x0000000088d00000, 0x0000000088d00000| Untracked 
| 114|0x0000000088e00000, 0x0000000088e00000, 0x0000000088f00000|  0%| F|  |TAMS 0x0000000088e00000, 0x0000000088e00000| Untracked 
| 115|0x0000000088f00000, 0x0000000088f00000, 0x0000000089000000|  0%| F|  |TAMS 0x0000000088f00000, 0x0000000088f00000| Untracked 
| 116|0x0000000089000000, 0x0000000089000000, 0x0000000089100000|  0%| F|  |TAMS 0x0000000089000000, 0x0000000089000000| Untracked 
| 117|0x0000000089100000, 0x0000000089100000, 0x0000000089200000|  0%| F|  |TAMS 0x0000000089100000, 0x0000000089100000| Untracked 
| 118|0x0000000089200000, 0x0000000089200000, 0x0000000089300000|  0%| F|  |TAMS 0x0000000089200000, 0x0000000089200000| Untracked 
| 119|0x0000000089300000, 0x0000000089300000, 0x0000000089400000|  0%| F|  |TAMS 0x0000000089300000, 0x0000000089300000| Untracked 
| 120|0x0000000089400000, 0x0000000089400000, 0x0000000089500000|  0%| F|  |TAMS 0x0000000089400000, 0x0000000089400000| Untracked 
| 121|0x0000000089500000, 0x000000008954ab80, 0x0000000089600000| 29%| E|  |TAMS 0x0000000089500000, 0x0000000089500000| Complete 
| 122|0x0000000089600000, 0x0000000089700000, 0x0000000089700000|100%| E|CS|TAMS 0x0000000089600000, 0x0000000089600000| Complete 
| 123|0x0000000089700000, 0x0000000089800000, 0x0000000089800000|100%| E|CS|TAMS 0x0000000089700000, 0x0000000089700000| Complete 
| 124|0x0000000089800000, 0x0000000089900000, 0x0000000089900000|100%| E|  |TAMS 0x0000000089800000, 0x0000000089800000| Complete 
| 125|0x0000000089900000, 0x0000000089a00000, 0x0000000089a00000|100%| E|CS|TAMS 0x0000000089900000, 0x0000000089900000| Complete 
| 126|0x0000000089a00000, 0x0000000089b00000, 0x0000000089b00000|100%| E|CS|TAMS 0x0000000089a00000, 0x0000000089a00000| Complete 
| 127|0x0000000089b00000, 0x0000000089c00000, 0x0000000089c00000|100%| E|CS|TAMS 0x0000000089b00000, 0x0000000089b00000| Complete 

Card table byte_map: [0x000001a69f4a0000,0x000001a69f8a0000] _byte_map_base: 0x000001a69f092000

Marking Bits (Prev, Next): (CMBitMap*) 0x000001a6888424b0, (CMBitMap*) 0x000001a6888424f0
 Prev Bits: [0x000001a69fca0000, 0x000001a6a1c30000)
 Next Bits: [0x000001a6a1c30000, 0x000001a6a3bc0000)

Polling page: 0x000001a686730000

Metaspace:

Usage:
  Non-class:      1.39 MB used.
      Class:    180.34 KB used.
       Both:      1.57 MB used.

Virtual space:
  Non-class space:       64.00 MB reserved,       1.50 MB (  2%) committed,  1 nodes.
      Class space:        1.00 GB reserved,     256.00 KB ( <1%) committed,  1 nodes.
             Both:        1.06 GB reserved,       1.75 MB ( <1%) committed. 

Chunk freelists:
   Non-Class:  11.54 MB
       Class:  15.64 MB
        Both:  27.17 MB

MaxMetaspaceSize: unlimited
CompressedClassSpaceSize: 1.00 GB
Initial GC threshold: 21.00 MB
Current GC threshold: 21.00 MB
CDS: on
MetaspaceReclaimPolicy: balanced
 - commit_granule_bytes: 65536.
 - commit_granule_words: 8192.
 - virtual_space_node_default_size: 8388608.
 - enlarge_chunks_in_place: 1.
 - new_chunks_are_fully_committed: 0.
 - uncommit_free_chunks: 1.
 - use_allocation_guard: 0.
 - handle_deallocations: 1.


Internal statistics:

num_allocs_failed_limit: 0.
num_arena_births: 20.
num_arena_deaths: 0.
num_vsnodes_births: 2.
num_vsnodes_deaths: 0.
num_space_committed: 28.
num_space_uncommitted: 0.
num_chunks_returned_to_freelist: 0.
num_chunks_taken_from_freelist: 51.
num_chunk_merges: 0.
num_chunk_splits: 31.
num_chunks_enlarged: 22.
num_inconsistent_stats: 0.

CodeHeap 'non-profiled nmethods': size=120000Kb used=135Kb max_used=135Kb free=119864Kb
 bounds [0x000001a697b70000, 0x000001a697de0000, 0x000001a69f0a0000]
CodeHeap 'profiled nmethods': size=120000Kb used=681Kb max_used=681Kb free=119318Kb
 bounds [0x000001a6900a0000, 0x000001a690310000, 0x000001a6975d0000]
CodeHeap 'non-nmethods': size=5760Kb used=1130Kb max_used=1146Kb free=4629Kb
 bounds [0x000001a6975d0000, 0x000001a697840000, 0x000001a697b70000]
 total_blobs=838 nmethods=422 adapters=328
 compilation: enabled
              stopped_count=0, restarted_count=0
 full_count=0

Compilation events (20 events):
Event: 0.488 Thread 0x000001a6a606d250 nmethod 413 0x000001a690138910 code [0x000001a690138aa0, 0x000001a690138b98]
Event: 0.489 Thread 0x000001a6a6069940 nmethod 404 0x000001a697b8fb90 code [0x000001a697b8fd20, 0x000001a697b90298]
Event: 0.489 Thread 0x000001a6a6069940  411       4       java.util.Objects::requireNonNull (14 bytes)
Event: 0.489 Thread 0x000001a6a6069940 nmethod 411 0x000001a697b90510 code [0x000001a697b90680, 0x000001a697b906f8]
Event: 0.489 Thread 0x000001a6a606d250  414       3       java.io.FileSystem::hasBooleanAttributes (17 bytes)
Event: 0.489 Thread 0x000001a6a606d250 nmethod 414 0x000001a690138c10 code [0x000001a690138dc0, 0x000001a690138f68]
Event: 0.489 Thread 0x000001a6a606d250  416       3       java.util.jar.Attributes::getValue (9 bytes)
Event: 0.490 Thread 0x000001a6a606d250 nmethod 416 0x000001a690139010 code [0x000001a6901391c0, 0x000001a6901394e8]
Event: 0.490 Thread 0x000001a6a606d250  417       3       java.util.jar.Attributes::get (11 bytes)
Event: 0.490 Thread 0x000001a6a606d250 nmethod 417 0x000001a690139610 code [0x000001a6901397c0, 0x000001a690139988]
Event: 0.490 Thread 0x000001a6a6069940  418       4       java.lang.StringLatin1::indexOf (121 bytes)
Event: 0.491 Thread 0x000001a6a606d250  419       3       java.security.CodeSource::getCertificates (98 bytes)
Event: 0.492 Thread 0x000001a6a606d250 nmethod 419 0x000001a690139a90 code [0x000001a690139d00, 0x000001a69013a898]
Event: 0.492 Thread 0x000001a6a606d250  421       3       java.lang.Object::equals (11 bytes)
Event: 0.492 Thread 0x000001a6a606d250 nmethod 421 0x000001a69013ab90 code [0x000001a69013ad20, 0x000001a69013ae98]
Event: 0.493 Thread 0x000001a6a606d250  422       3       java.net.URLStreamHandler::parseURL (1201 bytes)
Event: 0.494 Thread 0x000001a6a6069940 nmethod 418 0x000001a697b90c10 code [0x000001a697b90da0, 0x000001a697b910d8]
Event: 0.494 Thread 0x000001a6a6069940  420       4       java.lang.String::startsWith (138 bytes)
Event: 0.500 Thread 0x000001a6a6069940 nmethod 420 0x000001a697b91610 code [0x000001a697b917a0, 0x000001a697b91ab8]
Event: 0.500 Thread 0x000001a6a6069940  426       4       java.lang.StringLatin1::replace (198 bytes)

GC Heap History (0 events):
No events

Deoptimization events (8 events):
Event: 0.196 Thread 0x000001a6887e6c10 DEOPT PACKING pc=0x000001a6900a96e7 sp=0x0000001862cfae60
Event: 0.196 Thread 0x000001a6887e6c10 DEOPT UNPACKING pc=0x000001a697622b43 sp=0x0000001862cfa280 mode 0
Event: 0.236 Thread 0x000001a6887e6c10 DEOPT PACKING pc=0x000001a6900a77d1 sp=0x0000001862cfc670
Event: 0.236 Thread 0x000001a6887e6c10 DEOPT UNPACKING pc=0x000001a697622b43 sp=0x0000001862cfbae8 mode 0
Event: 0.489 Thread 0x000001a6887e6c10 Uncommon trap: trap_request=0xffffff6e fr.pc=0x000001a697b90174 relative=0x0000000000000454
Event: 0.489 Thread 0x000001a6887e6c10 Uncommon trap: reason=loop_limit_check action=maybe_recompile pc=0x000001a697b90174 method=java.lang.StringLatin1.indexOf([BI[BII)I @ 37 c2
Event: 0.489 Thread 0x000001a6887e6c10 DEOPT PACKING pc=0x000001a697b90174 sp=0x0000001862cfc610
Event: 0.489 Thread 0x000001a6887e6c10 DEOPT UNPACKING pc=0x000001a6976223a3 sp=0x0000001862cfc570 mode 2

Classes unloaded (0 events):
No events

Classes redefined (0 events):
No events

Internal exceptions (6 events):
Event: 0.407 Thread 0x000001a6887e6c10 Exception <a 'java/lang/NoSuchMethodError'{0x0000000089734908}: 'int java.lang.invoke.DirectMethodHandle$Holder.invokeStaticInit(java.lang.Object, java.lang.Object)'> (0x0000000089734908) 
thrown [s\open\src\hotspot\share\interpreter\linkResolver.cpp, line 759]
Event: 0.430 Thread 0x000001a6887e6c10 Exception <a 'java/lang/NoSuchMethodError'{0x00000000897907a8}: 'java.lang.Object java.lang.invoke.DirectMethodHandle$Holder.invokeStaticInit(java.lang.Object)'> (0x00000000897907a8) 
thrown [s\open\src\hotspot\share\interpreter\linkResolver.cpp, line 759]
Event: 0.437 Thread 0x000001a6887e6c10 Exception <a 'java/lang/NoSuchMethodError'{0x00000000897a0660}: 'void java.lang.invoke.DirectMethodHandle$Holder.invokeStatic(java.lang.Object, java.lang.Object)'> (0x00000000897a0660) 
thrown [s\open\src\hotspot\share\interpreter\linkResolver.cpp, line 759]
Event: 0.446 Thread 0x000001a6887e6c10 Exception <a 'java/net/SocketException'{0x00000000897ab330}: Socket is not connected: shutdown> (0x00000000897ab330) 
thrown [s\open\src\hotspot\share\prims\jni.cpp, line 535]
Event: 0.446 Thread 0x000001a6887e6c10 Exception <a 'java/net/SocketException'{0x00000000897ab9a8}: Socket is not connected: shutdown> (0x00000000897ab9a8) 
thrown [s\open\src\hotspot\share\prims\jni.cpp, line 535]
Event: 0.501 Thread 0x000001a6887e6c10 Exception <a 'java/lang/NoSuchMethodError'{0x00000000896f0850}: 'void java.lang.invoke.DirectMethodHandle$Holder.invokeStaticInit(java.lang.Object, java.lang.Object)'> (0x00000000896f0850) 
thrown [s\open\src\hotspot\share\interpreter\linkResolver.cpp, line 759]

VM Operations (4 events):
Event: 0.115 Executing VM operation: HandshakeAllThreads
Event: 0.115 Executing VM operation: HandshakeAllThreads done
Event: 0.435 Executing VM operation: HandshakeAllThreads
Event: 0.435 Executing VM operation: HandshakeAllThreads done

Events (20 events):
Event: 0.463 loading class java/util/concurrent/locks/Condition
Event: 0.463 loading class java/util/concurrent/locks/Condition done
Event: 0.463 loading class java/util/concurrent/locks/AbstractQueuedSynchronizer$ConditionObject done
Event: 0.463 loading class java/util/concurrent/LinkedBlockingQueue$Node
Event: 0.463 loading class java/util/concurrent/LinkedBlockingQueue$Node done
Event: 0.463 loading class java/net/URL$2
Event: 0.463 loading class java/net/URL$2 done
Event: 0.463 loading class java/net/URL$1
Event: 0.463 loading class java/net/URL$1 done
Event: 0.463 loading class java/net/spi/URLStreamHandlerProvider
Event: 0.463 loading class java/net/spi/URLStreamHandlerProvider done
Event: 0.464 loading class sun/net/www/protocol/http/Handler
Event: 0.465 loading class sun/net/www/protocol/http/Handler done
Event: 0.465 loading class java/lang/IllegalStateException
Event: 0.465 loading class java/lang/IllegalStateException done
Event: 0.508 loading class sun/net/www/protocol/jar/JarURLConnection
Event: 0.508 loading class java/net/JarURLConnection
Event: 0.508 loading class java/net/URLConnection
Event: 0.509 loading class java/net/URLConnection done
Event: 0.509 loading class java/net/JarURLConnection done


Dynamic libraries:
0x00007ff7fac10000 - 0x00007ff7fac20000 	C:\Program Files\Java\jdk-17\bin\javaw.exe
0x00007ffd2af70000 - 0x00007ffd2b168000 	C:\Windows\SYSTEM32\ntdll.dll
0x00007ffd298e0000 - 0x00007ffd2999d000 	C:\Windows\System32\KERNEL32.DLL
0x00007ffd28960000 - 0x00007ffd28c56000 	C:\Windows\System32\KERNELBASE.dll
0x00007ffd28c60000 - 0x00007ffd28d60000 	C:\Windows\System32\ucrtbase.dll
0x00007ffd205b0000 - 0x00007ffd205c9000 	C:\Program Files\Java\jdk-17\bin\jli.dll
0x00007ffd28fc0000 - 0x00007ffd29070000 	C:\Windows\System32\ADVAPI32.dll
0x00007ffd29e10000 - 0x00007ffd29eae000 	C:\Windows\System32\msvcrt.dll
0x00007ffd2a8a0000 - 0x00007ffd2a940000 	C:\Windows\System32\sechost.dll
0x00007ffd29a30000 - 0x00007ffd29b55000 	C:\Windows\System32\RPCRT4.dll
0x00007ffd287d0000 - 0x00007ffd287f7000 	C:\Windows\System32\bcrypt.dll
0x00007ffd29670000 - 0x00007ffd2980e000 	C:\Windows\System32\USER32.dll
0x00007ffd28620000 - 0x00007ffd28642000 	C:\Windows\System32\win32u.dll
0x00007ffd29f10000 - 0x00007ffd29f3b000 	C:\Windows\System32\GDI32.dll
0x00007ffd28e10000 - 0x00007ffd28f27000 	C:\Windows\System32\gdi32full.dll
0x00007ffd286a0000 - 0x00007ffd2873d000 	C:\Windows\System32\msvcp_win.dll
0x00007ffd12810000 - 0x00007ffd12aaa000 	C:\Windows\WinSxS\amd64_microsoft.windows.common-controls_6595b64144ccf1df_6.0.19041.3636_none_60b6a03d71f818d5\COMCTL32.dll
0x00007ffd22430000 - 0x00007ffd2243a000 	C:\Windows\SYSTEM32\VERSION.dll
0x00007ffd234c0000 - 0x00007ffd234db000 	C:\Program Files\Java\jdk-17\bin\VCRUNTIME140.dll
0x00007ffd29dc0000 - 0x00007ffd29df2000 	C:\Windows\System32\IMM32.DLL
0x00007ffd24040000 - 0x00007ffd2404c000 	C:\Program Files\Java\jdk-17\bin\vcruntime140_1.dll
0x00007ffd09500000 - 0x00007ffd0958e000 	C:\Program Files\Java\jdk-17\bin\msvcp140.dll
0x00007ffcba310000 - 0x00007ffcbaeef000 	C:\Program Files\Java\jdk-17\bin\server\jvm.dll
0x00007ffd29fa0000 - 0x00007ffd29fa8000 	C:\Windows\System32\PSAPI.DLL
0x00007ffd23ff0000 - 0x00007ffd23ff9000 	C:\Windows\SYSTEM32\WSOCK32.dll
0x00007ffd03d50000 - 0x00007ffd03d77000 	C:\Windows\SYSTEM32\WINMM.dll
0x00007ffd2a720000 - 0x00007ffd2a78b000 	C:\Windows\System32\WS2_32.dll
0x00007ffd26eb0000 - 0x00007ffd26ec2000 	C:\Windows\SYSTEM32\kernel.appcore.dll
0x00007ffd230f0000 - 0x00007ffd230fa000 	C:\Program Files\Java\jdk-17\bin\jimage.dll
0x00007ffd26350000 - 0x00007ffd26534000 	C:\Windows\SYSTEM32\DBGHELP.DLL
0x00007ffd10a20000 - 0x00007ffd10a54000 	C:\Windows\SYSTEM32\dbgcore.DLL
0x00007ffd28740000 - 0x00007ffd287c2000 	C:\Windows\System32\bcryptPrimitives.dll
0x00007ffd20580000 - 0x00007ffd205a5000 	C:\Program Files\Java\jdk-17\bin\java.dll
0x00007ffd084c0000 - 0x00007ffd08597000 	C:\Program Files\Java\jdk-17\bin\jsvml.dll
0x00007ffd29fb0000 - 0x00007ffd2a71b000 	C:\Windows\System32\SHELL32.dll
0x00007ffd26540000 - 0x00007ffd26cde000 	C:\Windows\SYSTEM32\windows.storage.dll
0x00007ffd29220000 - 0x00007ffd29573000 	C:\Windows\System32\combase.dll
0x00007ffd27f80000 - 0x00007ffd27fae000 	C:\Windows\SYSTEM32\Wldp.dll
0x00007ffd29810000 - 0x00007ffd298dd000 	C:\Windows\System32\OLEAUT32.dll
0x00007ffd29be0000 - 0x00007ffd29c8d000 	C:\Windows\System32\SHCORE.dll
0x00007ffd2a790000 - 0x00007ffd2a7e5000 	C:\Windows\System32\shlwapi.dll
0x00007ffd28550000 - 0x00007ffd28575000 	C:\Windows\SYSTEM32\profapi.dll
0x00007ffd1d7c0000 - 0x00007ffd1d7d9000 	C:\Program Files\Java\jdk-17\bin\net.dll
0x00007ffd22260000 - 0x00007ffd2236a000 	C:\Windows\SYSTEM32\WINHTTP.dll
0x00007ffd27ce0000 - 0x00007ffd27d4a000 	C:\Windows\system32\mswsock.dll
0x00007ffd1a220000 - 0x00007ffd1a236000 	C:\Program Files\Java\jdk-17\bin\nio.dll
0x00007ffd0c0c0000 - 0x00007ffd0c0d8000 	C:\Program Files\Java\jdk-17\bin\zip.dll
0x00007ffd27a10000 - 0x00007ffd27adb000 	C:\Windows\SYSTEM32\DNSAPI.dll
0x00007ffd279d0000 - 0x00007ffd27a0b000 	C:\Windows\SYSTEM32\IPHLPAPI.DLL
0x00007ffd29e00000 - 0x00007ffd29e08000 	C:\Windows\System32\NSI.dll
0x00007ffd21900000 - 0x00007ffd2190a000 	C:\Windows\System32\rasadhlp.dll
0x00007ffd21820000 - 0x00007ffd218a0000 	C:\Windows\System32\fwpuclnt.dll

dbghelp: loaded successfully - version: 4.0.5 - missing functions: none
symbol engine: initialized successfully - sym options: 0x614 - pdb path: .;C:\Program Files\Java\jdk-17\bin;C:\Windows\SYSTEM32;C:\Windows\WinSxS\amd64_microsoft.windows.common-controls_6595b64144ccf1df_6.0.19041.3636_none_60b6a03d71f818d5;C:\Program Files\Java\jdk-17\bin\server

VM Arguments:
jvm_args: -Dfile.encoding=Cp1252 -XX:+ShowCodeDetailsInExceptionMessages 
java_command: testprocess.ecommerseproject
java_class_path (initial): C:\Users\ADMIN\workspace\test section\bin;C:\Users\ADMIN\Desktop\selenium\selenium-api-4.16.1.jar;C:\Users\ADMIN\Desktop\selenium\selenium-api-4.16.1-sources.jar;C:\Users\ADMIN\Desktop\selenium\selenium-chrome-driver-4.16.1.jar;C:\Users\ADMIN\Desktop\selenium\selenium-chrome-driver-4.16.1-sources.jar;C:\Users\ADMIN\Desktop\selenium\selenium-chromium-driver-4.16.1.jar;C:\Users\ADMIN\Desktop\selenium\selenium-chromium-driver-4.16.1-sources.jar;C:\Users\ADMIN\Desktop\selenium\selenium-devtools-v85-4.16.1.jar;C:\Users\ADMIN\Desktop\selenium\selenium-devtools-v85-4.16.1-sources.jar;C:\Users\ADMIN\Desktop\selenium\selenium-devtools-v118-4.16.1.jar;C:\Users\ADMIN\Desktop\selenium\selenium-devtools-v118-4.16.1-sources.jar;C:\Users\ADMIN\Desktop\selenium\selenium-devtools-v119-4.16.1.jar;C:\Users\ADMIN\Desktop\selenium\selenium-devtools-v119-4.16.1-sources.jar;C:\Users\ADMIN\Desktop\selenium\selenium-devtools-v120-4.16.1.jar;C:\Users\ADMIN\Desktop\selenium\selenium-devtools-v120-4.16.1-sources.jar;C:\Users\ADMIN\Desktop\selenium\selenium-edge-driver-4.16.1.jar;C:\Users\ADMIN\Desktop\selenium\selenium-edge-driver-4.16.1-sources.jar;C:\Users\ADMIN\Desktop\selenium\selenium-firefox-driver-4.16.1.jar;C:\Users\ADMIN\Desktop\selenium\selenium-firefox-driver-4.16.1-sources.jar;C:\Users\ADMIN\Desktop\selenium\selenium-http-4.16.1.jar;C:\Users\ADMIN\Desktop\selenium\selenium-http-4.16.1-sources.jar;C:\Users\ADMIN\Desktop\selenium\selenium-ie-driver-4.16.1.jar;C:\Users\ADMIN\Desktop\selenium\selenium-ie-driver-4.16.1-sources.jar;C:\Users\ADMIN\Desktop\selenium\selenium-java-4.16.1.jar;C:\Users\ADMIN\Desktop\selenium\selenium-java-4.16.1-sources.jar;C:\Users\ADMIN\Desktop\selenium\selenium-json-4.16.1.jar;C:\Users\ADMIN\Desktop\selenium\selenium-json-4.16.1-sources.jar;C:\Users\ADMIN\Desktop\selenium\selenium-manager-4.16.1.jar;C:\Users\ADMIN\Desktop\selenium\selenium-manager-4.16.1-sources.jar;C:\Users\ADMIN\Desktop\selenium\selenium-os-4.16.1.jar;C:\Users
Launcher Type: SUN_STANDARD

[Global flags]
     intx CICompilerCount                          = 3                                         {product} {ergonomic}
     uint ConcGCThreads                            = 1                                         {product} {ergonomic}
     uint G1ConcRefinementThreads                  = 4                                         {product} {ergonomic}
   size_t G1HeapRegionSize                         = 1048576                                   {product} {ergonomic}
    uintx GCDrainStackTargetSize                   = 64                                        {product} {ergonomic}
   size_t InitialHeapSize                          = 134217728                                 {product} {ergonomic}
   size_t MarkStackSize                            = 4194304                                   {product} {ergonomic}
   size_t MaxHeapSize                              = 2118123520                                {product} {ergonomic}
   size_t MaxNewSize                               = 1270874112                                {product} {ergonomic}
   size_t MinHeapDeltaBytes                        = 1048576                                   {product} {ergonomic}
   size_t MinHeapSize                              = 8388608                                   {product} {ergonomic}
    uintx NonNMethodCodeHeapSize                   = 5832780                                {pd product} {ergonomic}
    uintx NonProfiledCodeHeapSize                  = 122912730                              {pd product} {ergonomic}
    uintx ProfiledCodeHeapSize                     = 122912730                              {pd product} {ergonomic}
    uintx ReservedCodeCacheSize                    = 251658240                              {pd product} {ergonomic}
     bool SegmentedCodeCache                       = true                                      {product} {ergonomic}
     bool ShowCodeDetailsInExceptionMessages       = true                                   {manageable} {command line}
   size_t SoftMaxHeapSize                          = 2118123520                             {manageable} {ergonomic}
     bool UseCompressedClassPointers               = true                           {product lp64_product} {ergonomic}
     bool UseCompressedOops                        = true                           {product lp64_product} {ergonomic}
     bool UseG1GC                                  = true                                      {product} {ergonomic}
     bool UseLargePagesIndividualAllocation        = false                                  {pd product} {ergonomic}

Logging:
Log output configuration:
 #0: stdout all=warning uptime,level,tags
 #1: stderr all=off uptime,level,tags

Environment Variables:
PATH=C:\Program Files\Common Files\Oracle\Java\javapath;C:\Program Files\Java\jdk-17\bin;C:\Windows\system32;C:\Windows;C:\Windows\System32\Wbem;C:\Windows\System32\WindowsPowerShell\v1.0\;C:\Windows\System32\OpenSSH\;C:\Users\ADMIN\AppData\Local\Microsoft\WindowsApps;
USERNAME=ADMIN
OS=Windows_NT
PROCESSOR_IDENTIFIER=Intel64 Family 6 Model 158 Stepping 9, GenuineIntel



---------------  S Y S T E M  ---------------

OS:
 Windows 10 , 64 bit Build 19041 (10.0.19041.3636)
OS uptime: 0 days 3:02 hours

CPU: total 4 (initial active 4) (2 cores per cpu, 2 threads per core) family 6 model 158 stepping 9 microcode 0xb4, cx8, cmov, fxsr, ht, mmx, 3dnowpref, sse, sse2, sse3, ssse3, sse4.1, sse4.2, popcnt, lzcnt, tsc, tscinvbit, avx, avx2, aes, erms, clmul, bmi1, bmi2, adx, fma, vzeroupper, clflush, clflushopt

Memory: 4k page, system-wide physical 8078M (956M free)
TotalPageFile size 22306M (AvailPageFile size 6M)
current process WorkingSet (physical memory assigned to process): 49M, peak: 49M
current process commit charge ("private bytes"): 210M, peak: 210M

vm_info: Java HotSpot(TM) 64-Bit Server VM (17.0.10+11-LTS-240) for windows-amd64 JRE (17.0.10+11-LTS-240), built on Dec 19 2023 21:47:25 by "mach5one" with MS VC++ 17.1 (VS2022)

END.
