#
# There is insufficient memory for the Java Runtime Environment to continue.
# Native memory allocation (mmap) failed to map 134217728 bytes for G1 virtual space
# Possible reasons:
#   The system is out of physical RAM or swap space
#   The process is running with CompressedOops enabled, and the Java Heap may be blocking the growth of the native heap
# Possible solutions:
#   Reduce memory load on the system
#   Increase physical memory or swap space
#   Check if swap backing store is full
#   Decrease Java heap size (-Xmx/-Xms)
#   Decrease number of Java threads
#   Decrease Java thread stack sizes (-Xss)
#   Set larger code cache with -XX:ReservedCodeCacheSize=
#   JVM is running with Unscaled Compressed Oops mode in which the Java heap is
#     placed in the first 4GB address space. The Java Heap base address is the
#     maximum limit for the native heap growth. Please use -XX:HeapBaseMinAddress
#     to set the Java Heap base and to place the Java Heap above 4GB virtual address.
# This output file may be truncated or incomplete.
#
#  Out of Memory Error (os_windows.cpp:3548), pid=22956, tid=22992
#
# JRE version:  (17.0.10+11) (build )
# Java VM: Java HotSpot(TM) 64-Bit Server VM (17.0.10+11-LTS-240, mixed mode, sharing, tiered, compressed oops, compressed class ptrs, g1 gc, windows-amd64)
# No core dump will be written. Minidumps are not enabled by default on client versions of Windows
#

---------------  S U M M A R Y ------------

Command Line: -Dfile.encoding=Cp1252 -XX:+ShowCodeDetailsInExceptionMessages testprocess.ecommerseprojectlive

Host: Intel(R) Core(TM) i3-7100 CPU @ 3.90GHz, 4 cores, 7G,  Windows 10 , 64 bit Build 19041 (10.0.19041.3636)
Time: Thu Mar  7 18:37:47 2024 India Standard Time elapsed time: 0.013857 seconds (0d 0h 0m 0s)

---------------  T H R E A D  ---------------

Current thread (0x00000205e5465fc0):  JavaThread "Unknown thread" [_thread_in_vm, id=22992, stack(0x000000700be00000,0x000000700bf00000)]

Stack: [0x000000700be00000,0x000000700bf00000]
Native frames: (J=compiled Java code, j=interpreted, Vv=VM code, C=native code)
V  [jvm.dll+0x677a5a]
V  [jvm.dll+0x7d8b2d]
V  [jvm.dll+0x7da48e]
V  [jvm.dll+0x7daaf3]
V  [jvm.dll+0x2455ff]
V  [jvm.dll+0x6749b9]
V  [jvm.dll+0x669382]
V  [jvm.dll+0x302e96]
V  [jvm.dll+0x30a416]
V  [jvm.dll+0x359cbe]
V  [jvm.dll+0x359eef]
V  [jvm.dll+0x2d9e88]
V  [jvm.dll+0x2dadf4]
V  [jvm.dll+0x7aa551]
V  [jvm.dll+0x367911]
V  [jvm.dll+0x789639]
V  [jvm.dll+0x3eb30f]
V  [jvm.dll+0x3ecd91]
C  [jli.dll+0x5297]
C  [ucrtbase.dll+0x21bb2]
C  [KERNEL32.DLL+0x17344]
C  [ntdll.dll+0x526b1]


---------------  P R O C E S S  ---------------

Threads class SMR info:
_java_thread_list=0x00007ffa99996a18, length=0, elements={
}

Java Threads: ( => current thread )

Other Threads:
  0x00000205e54c13d0 GCTaskThread "GC Thread#0" [stack: 0x000000700bf00000,0x000000700c000000] [id=22996]
  0x00000205e54d3660 ConcurrentGCThread "G1 Main Marker" [stack: 0x000000700c000000,0x000000700c100000] [id=23000]
  0x00000205e54d3f80 ConcurrentGCThread "G1 Conc#0" [stack: 0x000000700c100000,0x000000700c200000] [id=23004]

[error occurred during error reporting (printing all threads), id 0xc0000005, EXCEPTION_ACCESS_VIOLATION (0xc0000005) at pc=0x00007ffa991caae7]

VM state: not at safepoint (not fully initialized)

VM Mutex/Monitor currently owned by a thread:  ([mutex/lock_event])
[0x00000205e5462e80] Heap_lock - owner thread: 0x00000205e5465fc0

Heap address: 0x0000000081c00000, size: 2020 MB, Compressed Oops mode: 32-bit

CDS archive(s) mapped at: [0x0000000000000000-0x0000000000000000-0x0000000000000000), size 0, SharedBaseAddress: 0x0000000800000000, ArchiveRelocationMode: 1.
Narrow klass base: 0x0000000000000000, Narrow klass shift: 0, Narrow klass range: 0x0

GC Precious Log:
<Empty>

Heap:
 garbage-first heap   total 0K, used 0K [0x0000000081c00000, 0x0000000100000000)
  region size 1024K, 0 young (0K), 0 survivors (0K)

[error occurred during error reporting (printing heap information), id 0xc0000005, EXCEPTION_ACCESS_VIOLATION (0xc0000005) at pc=0x00007ffa995b1249]

GC Heap History (0 events):
No events

Deoptimization events (0 events):
No events

Classes unloaded (0 events):
No events

Classes redefined (0 events):
No events

Internal exceptions (0 events):
No events

VM Operations (0 events):
No events

Events (1 events):
Event: 0.007 Loaded shared library C:\Program Files\Java\jdk-17\bin\java.dll


Dynamic libraries:
0x00007ff7d7470000 - 0x00007ff7d7480000 	C:\Program Files\Java\jdk-17\bin\javaw.exe
0x00007ffae5230000 - 0x00007ffae5428000 	C:\Windows\SYSTEM32\ntdll.dll
0x00007ffae3fb0000 - 0x00007ffae406d000 	C:\Windows\System32\KERNEL32.DLL
0x00007ffae2ce0000 - 0x00007ffae2fd6000 	C:\Windows\System32\KERNELBASE.dll
0x00007ffae2a70000 - 0x00007ffae2b70000 	C:\Windows\System32\ucrtbase.dll
0x00007ffac6cf0000 - 0x00007ffac6d0b000 	C:\Program Files\Java\jdk-17\bin\VCRUNTIME140.dll
0x00007ffac7490000 - 0x00007ffac74a9000 	C:\Program Files\Java\jdk-17\bin\jli.dll
0x00007ffae3e90000 - 0x00007ffae3f43000 	C:\Windows\System32\ADVAPI32.dll
0x00007ffae5020000 - 0x00007ffae50be000 	C:\Windows\System32\msvcrt.dll
0x00007ffae43d0000 - 0x00007ffae446f000 	C:\Windows\System32\sechost.dll
0x00007ffae50c0000 - 0x00007ffae51e6000 	C:\Windows\System32\RPCRT4.dll
0x00007ffae2a40000 - 0x00007ffae2a67000 	C:\Windows\System32\bcrypt.dll
0x00007ffae41c0000 - 0x00007ffae435e000 	C:\Windows\System32\USER32.dll
0x00007ffae3050000 - 0x00007ffae3072000 	C:\Windows\System32\win32u.dll
0x00007ffacdf00000 - 0x00007fface19a000 	C:\Windows\WinSxS\amd64_microsoft.windows.common-controls_6595b64144ccf1df_6.0.19041.3636_none_60b6a03d71f818d5\COMCTL32.dll
0x00007ffae4070000 - 0x00007ffae409b000 	C:\Windows\System32\GDI32.dll
0x00007ffae2b70000 - 0x00007ffae2c87000 	C:\Windows\System32\gdi32full.dll
0x00007ffae28f0000 - 0x00007ffae298d000 	C:\Windows\System32\msvcp_win.dll
0x00007ffadd020000 - 0x00007ffadd02a000 	C:\Windows\SYSTEM32\VERSION.dll
0x00007ffae4f00000 - 0x00007ffae4f32000 	C:\Windows\System32\IMM32.DLL
0x00007ffac7940000 - 0x00007ffac794c000 	C:\Program Files\Java\jdk-17\bin\vcruntime140_1.dll
0x00007ffabc250000 - 0x00007ffabc2de000 	C:\Program Files\Java\jdk-17\bin\msvcp140.dll
0x00007ffa98ee0000 - 0x00007ffa99abf000 	C:\Program Files\Java\jdk-17\bin\server\jvm.dll
0x00007ffae43c0000 - 0x00007ffae43c8000 	C:\Windows\System32\PSAPI.DLL
0x00007ffadfce0000 - 0x00007ffadfce9000 	C:\Windows\SYSTEM32\WSOCK32.dll
0x00007ffac3130000 - 0x00007ffac3157000 	C:\Windows\SYSTEM32\WINMM.dll
0x00007ffae3cf0000 - 0x00007ffae3d5b000 	C:\Windows\System32\WS2_32.dll
0x00007ffae1180000 - 0x00007ffae1192000 	C:\Windows\SYSTEM32\kernel.appcore.dll
0x00007ffac76d0000 - 0x00007ffac76da000 	C:\Program Files\Java\jdk-17\bin\jimage.dll
0x00007ffae0620000 - 0x00007ffae0804000 	C:\Windows\SYSTEM32\DBGHELP.DLL
0x00007ffac7d10000 - 0x00007ffac7d44000 	C:\Windows\SYSTEM32\dbgcore.DLL
0x00007ffae31e0000 - 0x00007ffae3262000 	C:\Windows\System32\bcryptPrimitives.dll
0x00007ffac6cc0000 - 0x00007ffac6ce5000 	C:\Program Files\Java\jdk-17\bin\java.dll

dbghelp: loaded successfully - version: 4.0.5 - missing functions: none
symbol engine: initialized successfully - sym options: 0x614 - pdb path: .;C:\Program Files\Java\jdk-17\bin;C:\Windows\SYSTEM32;C:\Windows\WinSxS\amd64_microsoft.windows.common-controls_6595b64144ccf1df_6.0.19041.3636_none_60b6a03d71f818d5;C:\Program Files\Java\jdk-17\bin\server

VM Arguments:
jvm_args: -Dfile.encoding=Cp1252 -XX:+ShowCodeDetailsInExceptionMessages 
java_command: testprocess.ecommerseprojectlive
java_class_path (initial): C:\Users\ADMIN\workspace\test section\bin;C:\Users\ADMIN\Desktop\selenium\selenium-api-4.16.1.jar;C:\Users\ADMIN\Desktop\selenium\selenium-api-4.16.1-sources.jar;C:\Users\ADMIN\Desktop\selenium\selenium-chrome-driver-4.16.1.jar;C:\Users\ADMIN\Desktop\selenium\selenium-chrome-driver-4.16.1-sources.jar;C:\Users\ADMIN\Desktop\selenium\selenium-chromium-driver-4.16.1.jar;C:\Users\ADMIN\Desktop\selenium\selenium-chromium-driver-4.16.1-sources.jar;C:\Users\ADMIN\Desktop\selenium\selenium-devtools-v85-4.16.1.jar;C:\Users\ADMIN\Desktop\selenium\selenium-devtools-v85-4.16.1-sources.jar;C:\Users\ADMIN\Desktop\selenium\selenium-devtools-v118-4.16.1.jar;C:\Users\ADMIN\Desktop\selenium\selenium-devtools-v118-4.16.1-sources.jar;C:\Users\ADMIN\Desktop\selenium\selenium-devtools-v119-4.16.1.jar;C:\Users\ADMIN\Desktop\selenium\selenium-devtools-v119-4.16.1-sources.jar;C:\Users\ADMIN\Desktop\selenium\selenium-devtools-v120-4.16.1.jar;C:\Users\ADMIN\Desktop\selenium\selenium-devtools-v120-4.16.1-sources.jar;C:\Users\ADMIN\Desktop\selenium\selenium-edge-driver-4.16.1.jar;C:\Users\ADMIN\Desktop\selenium\selenium-edge-driver-4.16.1-sources.jar;C:\Users\ADMIN\Desktop\selenium\selenium-firefox-driver-4.16.1.jar;C:\Users\ADMIN\Desktop\selenium\selenium-firefox-driver-4.16.1-sources.jar;C:\Users\ADMIN\Desktop\selenium\selenium-http-4.16.1.jar;C:\Users\ADMIN\Desktop\selenium\selenium-http-4.16.1-sources.jar;C:\Users\ADMIN\Desktop\selenium\selenium-ie-driver-4.16.1.jar;C:\Users\ADMIN\Desktop\selenium\selenium-ie-driver-4.16.1-sources.jar;C:\Users\ADMIN\Desktop\selenium\selenium-java-4.16.1.jar;C:\Users\ADMIN\Desktop\selenium\selenium-java-4.16.1-sources.jar;C:\Users\ADMIN\Desktop\selenium\selenium-json-4.16.1.jar;C:\Users\ADMIN\Desktop\selenium\selenium-json-4.16.1-sources.jar;C:\Users\ADMIN\Desktop\selenium\selenium-manager-4.16.1.jar;C:\Users\ADMIN\Desktop\selenium\selenium-manager-4.16.1-sources.jar;C:\Users\ADMIN\Desktop\selenium\selenium-os-4.16.1.jar;C:\Users
Launcher Type: SUN_STANDARD

[Global flags]
     intx CICompilerCount                          = 3                                         {product} {ergonomic}
     uint ConcGCThreads                            = 1                                         {product} {ergonomic}
     uint G1ConcRefinementThreads                  = 4                                         {product} {ergonomic}
   size_t G1HeapRegionSize                         = 1048576                                   {product} {ergonomic}
    uintx GCDrainStackTargetSize                   = 64                                        {product} {ergonomic}
   size_t InitialHeapSize                          = 134217728                                 {product} {ergonomic}
   size_t MarkStackSize                            = 4194304                                   {product} {ergonomic}
   size_t MaxHeapSize                              = 2118123520                                {product} {ergonomic}
   size_t MinHeapDeltaBytes                        = 1048576                                   {product} {ergonomic}
   size_t MinHeapSize                              = 8388608                                   {product} {ergonomic}
    uintx NonNMethodCodeHeapSize                   = 5832780                                {pd product} {ergonomic}
    uintx NonProfiledCodeHeapSize                  = 122912730                              {pd product} {ergonomic}
    uintx ProfiledCodeHeapSize                     = 122912730                              {pd product} {ergonomic}
    uintx ReservedCodeCacheSize                    = 251658240                              {pd product} {ergonomic}
     bool SegmentedCodeCache                       = true                                      {product} {ergonomic}
     bool ShowCodeDetailsInExceptionMessages       = true                                   {manageable} {command line}
   size_t SoftMaxHeapSize                          = 2118123520                             {manageable} {ergonomic}
     bool UseCompressedClassPointers               = true                           {product lp64_product} {ergonomic}
     bool UseCompressedOops                        = true                           {product lp64_product} {ergonomic}
     bool UseG1GC                                  = true                                      {product} {ergonomic}
     bool UseLargePagesIndividualAllocation        = false                                  {pd product} {ergonomic}

Logging:
Log output configuration:
 #0: stdout all=warning uptime,level,tags
 #1: stderr all=off uptime,level,tags

Environment Variables:
PATH=C:\Program Files\Common Files\Oracle\Java\javapath;C:\Program Files\Java\jdk-17\bin;C:\Windows\system32;C:\Windows;C:\Windows\System32\Wbem;C:\Windows\System32\WindowsPowerShell\v1.0\;C:\Windows\System32\OpenSSH\;C:\Users\ADMIN\AppData\Local\Microsoft\WindowsApps;
USERNAME=ADMIN
OS=Windows_NT
PROCESSOR_IDENTIFIER=Intel64 Family 6 Model 158 Stepping 9, GenuineIntel



---------------  S Y S T E M  ---------------

OS:
 Windows 10 , 64 bit Build 19041 (10.0.19041.3636)
OS uptime: 0 days 9:21 hours

CPU: total 4 (initial active 4) (2 cores per cpu, 2 threads per core) family 6 model 158 stepping 9 microcode 0xb4, cx8, cmov, fxsr, ht, mmx, 3dnowpref, sse, sse2, sse3, ssse3, sse4.1, sse4.2, popcnt, lzcnt, tsc, tscinvbit, avx, avx2, aes, erms, clmul, bmi1, bmi2, adx, fma, vzeroupper, clflush, clflushopt

Memory: 4k page, system-wide physical 8078M (535M free)
TotalPageFile size 22306M (AvailPageFile size 45M)
current process WorkingSet (physical memory assigned to process): 10M, peak: 10M
current process commit charge ("private bytes"): 51M, peak: 179M

vm_info: Java HotSpot(TM) 64-Bit Server VM (17.0.10+11-LTS-240) for windows-amd64 JRE (17.0.10+11-LTS-240), built on Dec 19 2023 21:47:25 by "mach5one" with MS VC++ 17.1 (VS2022)

END.
