#
# There is insufficient memory for the Java Runtime Environment to continue.
# Native memory allocation (malloc) failed to allocate 680336 bytes for Chunk::new
# Possible reasons:
#   The system is out of physical RAM or swap space
#   The process is running with CompressedOops enabled, and the Java Heap may be blocking the growth of the native heap
# Possible solutions:
#   Reduce memory load on the system
#   Increase physical memory or swap space
#   Check if swap backing store is full
#   Decrease Java heap size (-Xmx/-Xms)
#   Decrease number of Java threads
#   Decrease Java thread stack sizes (-Xss)
#   Set larger code cache with -XX:ReservedCodeCacheSize=
#   JVM is running with Unscaled Compressed Oops mode in which the Java heap is
#     placed in the first 4GB address space. The Java Heap base address is the
#     maximum limit for the native heap growth. Please use -XX:HeapBaseMinAddress
#     to set the Java Heap base and to place the Java Heap above 4GB virtual address.
# This output file may be truncated or incomplete.
#
#  Out of Memory Error (./open/src/hotspot/share/memory/arena.cpp:197), pid=4760, tid=20916
#
# JRE version: Java(TM) SE Runtime Environment 18.9 (11.0.21+9) (build 11.0.21+9-LTS-193)
# Java VM: Java HotSpot(TM) 64-Bit Server VM 18.9 (11.0.21+9-LTS-193, mixed mode, tiered, compressed oops, g1 gc, windows-amd64)
# No core dump will be written. Minidumps are not enabled by default on client versions of Windows
#

---------------  S U M M A R Y ------------

Command Line: -Dfile.encoding=Cp1252 testprocess.ecommerseproject

Host: Intel(R) Core(TM) i3-7100 CPU @ 3.90GHz, 4 cores, 7G,  Windows 10 , 64 bit Build 19041 (10.0.19041.3636)
Time: Mon Mar  4 18:29:42 2024 India Standard Time elapsed time: 1.869549 seconds (0d 0h 0m 1s)

---------------  T H R E A D  ---------------

Current thread (0x000002badedb9000):  JavaThread "C2 CompilerThread0" daemon [_thread_in_native, id=20916, stack(0x000000fd9ae00000,0x000000fd9af00000)]


Current CompileTask:
C2:   1869 1558       4       java.lang.invoke.MethodType::makeImpl (108 bytes)

Stack: [0x000000fd9ae00000,0x000000fd9af00000]
Native frames: (J=compiled Java code, j=interpreted, Vv=VM code, C=native code)
V  [jvm.dll+0x66058a]
V  [jvm.dll+0x7a362f]
V  [jvm.dll+0x7a4cf9]
V  [jvm.dll+0x7a5393]
V  [jvm.dll+0x258f55]
V  [jvm.dll+0xb2a0c]
V  [jvm.dll+0xb2fcc]
V  [jvm.dll+0x367771]
V  [jvm.dll+0x1a2844]
V  [jvm.dll+0x211d8d]
V  [jvm.dll+0x210c08]
V  [jvm.dll+0x18cdb1]
V  [jvm.dll+0x220e99]
V  [jvm.dll+0x21f1bc]
V  [jvm.dll+0x7673c1]
V  [jvm.dll+0x75fc44]
V  [jvm.dll+0x65f435]
C  [ucrtbase.dll+0x21bb2]
C  [KERNEL32.DLL+0x17344]
C  [ntdll.dll+0x526b1]


---------------  P R O C E S S  ---------------

Threads class SMR info:
_java_thread_list=0x000002bae0a27630, length=21, elements={
0x000002bac1695800, 0x000002baded8f800, 0x000002baded9a800, 0x000002badeda9000,
0x000002badeda9800, 0x000002badedad800, 0x000002badedb9000, 0x000002badedc9000,
0x000002badedcc000, 0x000002badf864000, 0x000002badffda800, 0x000002bae0884000,
0x000002bae097a000, 0x000002bae0997000, 0x000002bae092c000, 0x000002bae0919800,
0x000002bae0874000, 0x000002bae0293800, 0x000002bae10d9000, 0x000002bae0c11800,
0x000002bae0c0f000
}

Java Threads: ( => current thread )
  0x000002bac1695800 JavaThread "Forwarding newSession on session null to remote" [_thread_blocked, id=1976, stack(0x000000fd9a100000,0x000000fd9a200000)]
  0x000002baded8f800 JavaThread "Reference Handler" daemon [_thread_blocked, id=8024, stack(0x000000fd9a800000,0x000000fd9a900000)]
  0x000002baded9a800 JavaThread "Finalizer" daemon [_thread_blocked, id=20548, stack(0x000000fd9a900000,0x000000fd9aa00000)]
  0x000002badeda9000 JavaThread "Signal Dispatcher" daemon [_thread_blocked, id=21292, stack(0x000000fd9ab00000,0x000000fd9ac00000)]
  0x000002badeda9800 JavaThread "Attach Listener" daemon [_thread_blocked, id=18604, stack(0x000000fd9ac00000,0x000000fd9ad00000)]
  0x000002badedad800 JavaThread "Service Thread" daemon [_thread_blocked, id=236, stack(0x000000fd9ad00000,0x000000fd9ae00000)]
=>0x000002badedb9000 JavaThread "C2 CompilerThread0" daemon [_thread_in_native, id=20916, stack(0x000000fd9ae00000,0x000000fd9af00000)]
  0x000002badedc9000 JavaThread "C1 CompilerThread0" daemon [_thread_blocked, id=21444, stack(0x000000fd9af00000,0x000000fd9b000000)]
  0x000002badedcc000 JavaThread "Sweeper thread" daemon [_thread_blocked, id=20624, stack(0x000000fd9b000000,0x000000fd9b100000)]
  0x000002badf864000 JavaThread "Common-Cleaner" daemon [_thread_blocked, id=19520, stack(0x000000fd9b200000,0x000000fd9b300000)]
  0x000002badffda800 JavaThread "ForkJoinPool.commonPool-worker-3" daemon [_thread_blocked, id=21288, stack(0x000000fd9b300000,0x000000fd9b400000)]
  0x000002bae0884000 JavaThread "HttpClient-1-SelectorManager" daemon [_thread_in_native, id=21516, stack(0x000000fd9b800000,0x000000fd9b900000)]
  0x000002bae097a000 JavaThread "External Process Output Forwarder - C:\Users\ADMIN\.cache\selenium\chromedriver\win64\122.0.6261.94\chromedriver.exe" [_thread_in_native, id=19460, stack(0x000000fd9b900000,0x000000fd9ba00000)]
  0x000002bae0997000 JavaThread "Driver Service Executor" daemon [_thread_blocked, id=18332, stack(0x000000fd9ba00000,0x000000fd9bb00000)]
  0x000002bae092c000 JavaThread "Driver Service Executor" daemon [_thread_in_native, id=7180, stack(0x000000fd9bb00000,0x000000fd9bc00000)]
  0x000002bae0919800 JavaThread "UrlChecker-2" daemon [_thread_blocked, id=13788, stack(0x000000fd9bc00000,0x000000fd9bd00000)]
  0x000002bae0874000 JavaThread "Keep-Alive-Timer" daemon [_thread_blocked, id=20092, stack(0x000000fd9bf00000,0x000000fd9c000000)]
  0x000002bae0293800 JavaThread "C2 CompilerThread1" daemon [_thread_blocked, id=21604, stack(0x000000fd9c000000,0x000000fd9c100000)]
  0x000002bae10d9000 JavaThread "pool-1-thread-1" [_thread_blocked, id=23384, stack(0x000000fd9c100000,0x000000fd9c200000)]
  0x000002bae0c11800 JavaThread "pool-1-thread-2" [_thread_blocked, id=23388, stack(0x000000fd9c200000,0x000000fd9c300000)]
  0x000002bae0c0f000 JavaThread "pool-1-thread-3" [_thread_blocked, id=22620, stack(0x000000fd9c300000,0x000000fd9c400000)]

Other Threads:
  0x000002baded8e000 VMThread "VM Thread" [stack: 0x000000fd9a700000,0x000000fd9a800000] [id=21720]
  0x000002badf86e800 WatcherThread [stack: 0x000000fd9b100000,0x000000fd9b200000] [id=20808]
  0x000002bac16ab000 GCTaskThread "GC Thread#0" [stack: 0x000000fd9a200000,0x000000fd9a300000] [id=21352]
  0x000002bae028d000 GCTaskThread "GC Thread#1" [stack: 0x000000fd9b400000,0x000000fd9b500000] [id=16584]
  0x000002bae028e000 GCTaskThread "GC Thread#2" [stack: 0x000000fd9b500000,0x000000fd9b600000] [id=16748]
  0x000002bae02be000 GCTaskThread "GC Thread#3" [stack: 0x000000fd9bd00000,0x000000fd9be00000] [id=19768]
  0x000002bac16dc800 ConcurrentGCThread "G1 Main Marker" [stack: 0x000000fd9a300000,0x000000fd9a400000] [id=20928]
  0x000002bac16de800 ConcurrentGCThread "G1 Conc#0" [stack: 0x000000fd9a400000,0x000000fd9a500000] [id=9600]
  0x000002badebe0800 ConcurrentGCThread "G1 Refine#0" [stack: 0x000000fd9a500000,0x000000fd9a600000] [id=21116]
  0x000002badf9f2800 ConcurrentGCThread "G1 Refine#1" [stack: 0x000000fd9b600000,0x000000fd9b700000] [id=7236]
  0x000002bae0879800 ConcurrentGCThread "G1 Refine#2" [stack: 0x000000fd9b700000,0x000000fd9b800000] [id=22516]
  0x000002bac1764000 ConcurrentGCThread "G1 Young RemSet Sampling" [stack: 0x000000fd9a600000,0x000000fd9a700000] [id=17272]

Threads with active compile tasks:
C2 CompilerThread0     1911 1558       4       java.lang.invoke.MethodType::makeImpl (108 bytes)

VM state:not at safepoint (normal execution)

VM Mutex/Monitor currently owned by a thread: None

Heap address: 0x0000000081c00000, size: 2020 MB, Compressed Oops mode: 32-bit
Narrow klass base: 0x0000000000000000, Narrow klass shift: 3
Compressed class space size: 1073741824 Address: 0x0000000100000000

Heap:
 garbage-first heap   total 131072K, used 14983K [0x0000000081c00000, 0x0000000100000000)
  region size 1024K, 12 young (12288K), 2 survivors (2048K)
 Metaspace       used 19075K, capacity 19814K, committed 19968K, reserved 1067008K
  class space    used 2109K, capacity 2449K, committed 2560K, reserved 1048576K
Heap Regions: E=young(eden), S=young(survivor), O=old, HS=humongous(starts), HC=humongous(continues), CS=collection set, F=free, A=archive, TAMS=top-at-mark-start (previous, next)
|   0|0x0000000081c00000, 0x0000000081d00000, 0x0000000081d00000|100%| O|  |TAMS 0x0000000081c00000, 0x0000000081c00000| Untracked 
|   1|0x0000000081d00000, 0x0000000081e00000, 0x0000000081e00000|100%| O|  |TAMS 0x0000000081d00000, 0x0000000081d00000| Untracked 
|   2|0x0000000081e00000, 0x0000000081f00000, 0x0000000081f00000|100%| O|  |TAMS 0x0000000081e00000, 0x0000000081e00000| Untracked 
|   3|0x0000000081f00000, 0x0000000082000000, 0x0000000082000000|100%| O|  |TAMS 0x0000000081f00000, 0x0000000081f00000| Untracked 
|   4|0x0000000082000000, 0x000000008206d800, 0x0000000082100000| 42%| O|  |TAMS 0x0000000082000000, 0x0000000082000000| Untracked 
|   5|0x0000000082100000, 0x0000000082100000, 0x0000000082200000|  0%| F|  |TAMS 0x0000000082100000, 0x0000000082100000| Untracked 
|   6|0x0000000082200000, 0x0000000082200000, 0x0000000082300000|  0%| F|  |TAMS 0x0000000082200000, 0x0000000082200000| Untracked 
|   7|0x0000000082300000, 0x0000000082300000, 0x0000000082400000|  0%| F|  |TAMS 0x0000000082300000, 0x0000000082300000| Untracked 
|   8|0x0000000082400000, 0x0000000082400000, 0x0000000082500000|  0%| F|  |TAMS 0x0000000082400000, 0x0000000082400000| Untracked 
|   9|0x0000000082500000, 0x0000000082500000, 0x0000000082600000|  0%| F|  |TAMS 0x0000000082500000, 0x0000000082500000| Untracked 
|  10|0x0000000082600000, 0x0000000082600000, 0x0000000082700000|  0%| F|  |TAMS 0x0000000082600000, 0x0000000082600000| Untracked 
|  11|0x0000000082700000, 0x0000000082700000, 0x0000000082800000|  0%| F|  |TAMS 0x0000000082700000, 0x0000000082700000| Untracked 
|  12|0x0000000082800000, 0x0000000082800000, 0x0000000082900000|  0%| F|  |TAMS 0x0000000082800000, 0x0000000082800000| Untracked 
|  13|0x0000000082900000, 0x0000000082900000, 0x0000000082a00000|  0%| F|  |TAMS 0x0000000082900000, 0x0000000082900000| Untracked 
|  14|0x0000000082a00000, 0x0000000082a00000, 0x0000000082b00000|  0%| F|  |TAMS 0x0000000082a00000, 0x0000000082a00000| Untracked 
|  15|0x0000000082b00000, 0x0000000082b00000, 0x0000000082c00000|  0%| F|  |TAMS 0x0000000082b00000, 0x0000000082b00000| Untracked 
|  16|0x0000000082c00000, 0x0000000082c00000, 0x0000000082d00000|  0%| F|  |TAMS 0x0000000082c00000, 0x0000000082c00000| Untracked 
|  17|0x0000000082d00000, 0x0000000082d00000, 0x0000000082e00000|  0%| F|  |TAMS 0x0000000082d00000, 0x0000000082d00000| Untracked 
|  18|0x0000000082e00000, 0x0000000082e00000, 0x0000000082f00000|  0%| F|  |TAMS 0x0000000082e00000, 0x0000000082e00000| Untracked 
|  19|0x0000000082f00000, 0x0000000082f00000, 0x0000000083000000|  0%| F|  |TAMS 0x0000000082f00000, 0x0000000082f00000| Untracked 
|  20|0x0000000083000000, 0x0000000083000000, 0x0000000083100000|  0%| F|  |TAMS 0x0000000083000000, 0x0000000083000000| Untracked 
|  21|0x0000000083100000, 0x0000000083100000, 0x0000000083200000|  0%| F|  |TAMS 0x0000000083100000, 0x0000000083100000| Untracked 
|  22|0x0000000083200000, 0x0000000083200000, 0x0000000083300000|  0%| F|  |TAMS 0x0000000083200000, 0x0000000083200000| Untracked 
|  23|0x0000000083300000, 0x0000000083300000, 0x0000000083400000|  0%| F|  |TAMS 0x0000000083300000, 0x0000000083300000| Untracked 
|  24|0x0000000083400000, 0x0000000083400000, 0x0000000083500000|  0%| F|  |TAMS 0x0000000083400000, 0x0000000083400000| Untracked 
|  25|0x0000000083500000, 0x0000000083500000, 0x0000000083600000|  0%| F|  |TAMS 0x0000000083500000, 0x0000000083500000| Untracked 
|  26|0x0000000083600000, 0x0000000083600000, 0x0000000083700000|  0%| F|  |TAMS 0x0000000083600000, 0x0000000083600000| Untracked 
|  27|0x0000000083700000, 0x0000000083700000, 0x0000000083800000|  0%| F|  |TAMS 0x0000000083700000, 0x0000000083700000| Untracked 
|  28|0x0000000083800000, 0x0000000083800000, 0x0000000083900000|  0%| F|  |TAMS 0x0000000083800000, 0x0000000083800000| Untracked 
|  29|0x0000000083900000, 0x0000000083900000, 0x0000000083a00000|  0%| F|  |TAMS 0x0000000083900000, 0x0000000083900000| Untracked 
|  30|0x0000000083a00000, 0x0000000083a00000, 0x0000000083b00000|  0%| F|  |TAMS 0x0000000083a00000, 0x0000000083a00000| Untracked 
|  31|0x0000000083b00000, 0x0000000083b00000, 0x0000000083c00000|  0%| F|  |TAMS 0x0000000083b00000, 0x0000000083b00000| Untracked 
|  32|0x0000000083c00000, 0x0000000083c00000, 0x0000000083d00000|  0%| F|  |TAMS 0x0000000083c00000, 0x0000000083c00000| Untracked 
|  33|0x0000000083d00000, 0x0000000083d00000, 0x0000000083e00000|  0%| F|  |TAMS 0x0000000083d00000, 0x0000000083d00000| Untracked 
|  34|0x0000000083e00000, 0x0000000083e00000, 0x0000000083f00000|  0%| F|  |TAMS 0x0000000083e00000, 0x0000000083e00000| Untracked 
|  35|0x0000000083f00000, 0x0000000083f00000, 0x0000000084000000|  0%| F|  |TAMS 0x0000000083f00000, 0x0000000083f00000| Untracked 
|  36|0x0000000084000000, 0x0000000084000000, 0x0000000084100000|  0%| F|  |TAMS 0x0000000084000000, 0x0000000084000000| Untracked 
|  37|0x0000000084100000, 0x0000000084100000, 0x0000000084200000|  0%| F|  |TAMS 0x0000000084100000, 0x0000000084100000| Untracked 
|  38|0x0000000084200000, 0x0000000084200000, 0x0000000084300000|  0%| F|  |TAMS 0x0000000084200000, 0x0000000084200000| Untracked 
|  39|0x0000000084300000, 0x0000000084300000, 0x0000000084400000|  0%| F|  |TAMS 0x0000000084300000, 0x0000000084300000| Untracked 
|  40|0x0000000084400000, 0x0000000084400000, 0x0000000084500000|  0%| F|  |TAMS 0x0000000084400000, 0x0000000084400000| Untracked 
|  41|0x0000000084500000, 0x0000000084500000, 0x0000000084600000|  0%| F|  |TAMS 0x0000000084500000, 0x0000000084500000| Untracked 
|  42|0x0000000084600000, 0x0000000084600000, 0x0000000084700000|  0%| F|  |TAMS 0x0000000084600000, 0x0000000084600000| Untracked 
|  43|0x0000000084700000, 0x0000000084700000, 0x0000000084800000|  0%| F|  |TAMS 0x0000000084700000, 0x0000000084700000| Untracked 
|  44|0x0000000084800000, 0x0000000084800000, 0x0000000084900000|  0%| F|  |TAMS 0x0000000084800000, 0x0000000084800000| Untracked 
|  45|0x0000000084900000, 0x0000000084900000, 0x0000000084a00000|  0%| F|  |TAMS 0x0000000084900000, 0x0000000084900000| Untracked 
|  46|0x0000000084a00000, 0x0000000084a00000, 0x0000000084b00000|  0%| F|  |TAMS 0x0000000084a00000, 0x0000000084a00000| Untracked 
|  47|0x0000000084b00000, 0x0000000084b00000, 0x0000000084c00000|  0%| F|  |TAMS 0x0000000084b00000, 0x0000000084b00000| Untracked 
|  48|0x0000000084c00000, 0x0000000084c00000, 0x0000000084d00000|  0%| F|  |TAMS 0x0000000084c00000, 0x0000000084c00000| Untracked 
|  49|0x0000000084d00000, 0x0000000084d00000, 0x0000000084e00000|  0%| F|  |TAMS 0x0000000084d00000, 0x0000000084d00000| Untracked 
|  50|0x0000000084e00000, 0x0000000084e00000, 0x0000000084f00000|  0%| F|  |TAMS 0x0000000084e00000, 0x0000000084e00000| Untracked 
|  51|0x0000000084f00000, 0x0000000084f00000, 0x0000000085000000|  0%| F|  |TAMS 0x0000000084f00000, 0x0000000084f00000| Untracked 
|  52|0x0000000085000000, 0x0000000085000000, 0x0000000085100000|  0%| F|  |TAMS 0x0000000085000000, 0x0000000085000000| Untracked 
|  53|0x0000000085100000, 0x0000000085100000, 0x0000000085200000|  0%| F|  |TAMS 0x0000000085100000, 0x0000000085100000| Untracked 
|  54|0x0000000085200000, 0x0000000085200000, 0x0000000085300000|  0%| F|  |TAMS 0x0000000085200000, 0x0000000085200000| Untracked 
|  55|0x0000000085300000, 0x0000000085300000, 0x0000000085400000|  0%| F|  |TAMS 0x0000000085300000, 0x0000000085300000| Untracked 
|  56|0x0000000085400000, 0x0000000085400000, 0x0000000085500000|  0%| F|  |TAMS 0x0000000085400000, 0x0000000085400000| Untracked 
|  57|0x0000000085500000, 0x0000000085500000, 0x0000000085600000|  0%| F|  |TAMS 0x0000000085500000, 0x0000000085500000| Untracked 
|  58|0x0000000085600000, 0x0000000085600000, 0x0000000085700000|  0%| F|  |TAMS 0x0000000085600000, 0x0000000085600000| Untracked 
|  59|0x0000000085700000, 0x0000000085700000, 0x0000000085800000|  0%| F|  |TAMS 0x0000000085700000, 0x0000000085700000| Untracked 
|  60|0x0000000085800000, 0x0000000085800000, 0x0000000085900000|  0%| F|  |TAMS 0x0000000085800000, 0x0000000085800000| Untracked 
|  61|0x0000000085900000, 0x0000000085900000, 0x0000000085a00000|  0%| F|  |TAMS 0x0000000085900000, 0x0000000085900000| Untracked 
|  62|0x0000000085a00000, 0x0000000085a00000, 0x0000000085b00000|  0%| F|  |TAMS 0x0000000085a00000, 0x0000000085a00000| Untracked 
|  63|0x0000000085b00000, 0x0000000085b00000, 0x0000000085c00000|  0%| F|  |TAMS 0x0000000085b00000, 0x0000000085b00000| Untracked 
|  64|0x0000000085c00000, 0x0000000085c00000, 0x0000000085d00000|  0%| F|  |TAMS 0x0000000085c00000, 0x0000000085c00000| Untracked 
|  65|0x0000000085d00000, 0x0000000085d00000, 0x0000000085e00000|  0%| F|  |TAMS 0x0000000085d00000, 0x0000000085d00000| Untracked 
|  66|0x0000000085e00000, 0x0000000085e00000, 0x0000000085f00000|  0%| F|  |TAMS 0x0000000085e00000, 0x0000000085e00000| Untracked 
|  67|0x0000000085f00000, 0x0000000085f00000, 0x0000000086000000|  0%| F|  |TAMS 0x0000000085f00000, 0x0000000085f00000| Untracked 
|  68|0x0000000086000000, 0x0000000086000000, 0x0000000086100000|  0%| F|  |TAMS 0x0000000086000000, 0x0000000086000000| Untracked 
|  69|0x0000000086100000, 0x0000000086100000, 0x0000000086200000|  0%| F|  |TAMS 0x0000000086100000, 0x0000000086100000| Untracked 
|  70|0x0000000086200000, 0x0000000086200000, 0x0000000086300000|  0%| F|  |TAMS 0x0000000086200000, 0x0000000086200000| Untracked 
|  71|0x0000000086300000, 0x0000000086300000, 0x0000000086400000|  0%| F|  |TAMS 0x0000000086300000, 0x0000000086300000| Untracked 
|  72|0x0000000086400000, 0x0000000086400000, 0x0000000086500000|  0%| F|  |TAMS 0x0000000086400000, 0x0000000086400000| Untracked 
|  73|0x0000000086500000, 0x0000000086500000, 0x0000000086600000|  0%| F|  |TAMS 0x0000000086500000, 0x0000000086500000| Untracked 
|  74|0x0000000086600000, 0x0000000086600000, 0x0000000086700000|  0%| F|  |TAMS 0x0000000086600000, 0x0000000086600000| Untracked 
|  75|0x0000000086700000, 0x0000000086700000, 0x0000000086800000|  0%| F|  |TAMS 0x0000000086700000, 0x0000000086700000| Untracked 
|  76|0x0000000086800000, 0x0000000086800000, 0x0000000086900000|  0%| F|  |TAMS 0x0000000086800000, 0x0000000086800000| Untracked 
|  77|0x0000000086900000, 0x0000000086900000, 0x0000000086a00000|  0%| F|  |TAMS 0x0000000086900000, 0x0000000086900000| Untracked 
|  78|0x0000000086a00000, 0x0000000086a00000, 0x0000000086b00000|  0%| F|  |TAMS 0x0000000086a00000, 0x0000000086a00000| Untracked 
|  79|0x0000000086b00000, 0x0000000086b00000, 0x0000000086c00000|  0%| F|  |TAMS 0x0000000086b00000, 0x0000000086b00000| Untracked 
|  80|0x0000000086c00000, 0x0000000086c00000, 0x0000000086d00000|  0%| F|  |TAMS 0x0000000086c00000, 0x0000000086c00000| Untracked 
|  81|0x0000000086d00000, 0x0000000086d00000, 0x0000000086e00000|  0%| F|  |TAMS 0x0000000086d00000, 0x0000000086d00000| Untracked 
|  82|0x0000000086e00000, 0x0000000086e00000, 0x0000000086f00000|  0%| F|  |TAMS 0x0000000086e00000, 0x0000000086e00000| Untracked 
|  83|0x0000000086f00000, 0x0000000086f00000, 0x0000000087000000|  0%| F|  |TAMS 0x0000000086f00000, 0x0000000086f00000| Untracked 
|  84|0x0000000087000000, 0x0000000087000000, 0x0000000087100000|  0%| F|  |TAMS 0x0000000087000000, 0x0000000087000000| Untracked 
|  85|0x0000000087100000, 0x0000000087100000, 0x0000000087200000|  0%| F|  |TAMS 0x0000000087100000, 0x0000000087100000| Untracked 
|  86|0x0000000087200000, 0x0000000087200000, 0x0000000087300000|  0%| F|  |TAMS 0x0000000087200000, 0x0000000087200000| Untracked 
|  87|0x0000000087300000, 0x0000000087300000, 0x0000000087400000|  0%| F|  |TAMS 0x0000000087300000, 0x0000000087300000| Untracked 
|  88|0x0000000087400000, 0x0000000087400000, 0x0000000087500000|  0%| F|  |TAMS 0x0000000087400000, 0x0000000087400000| Untracked 
|  89|0x0000000087500000, 0x0000000087500000, 0x0000000087600000|  0%| F|  |TAMS 0x0000000087500000, 0x0000000087500000| Untracked 
|  90|0x0000000087600000, 0x0000000087600000, 0x0000000087700000|  0%| F|  |TAMS 0x0000000087600000, 0x0000000087600000| Untracked 
|  91|0x0000000087700000, 0x0000000087700000, 0x0000000087800000|  0%| F|  |TAMS 0x0000000087700000, 0x0000000087700000| Untracked 
|  92|0x0000000087800000, 0x0000000087800000, 0x0000000087900000|  0%| F|  |TAMS 0x0000000087800000, 0x0000000087800000| Untracked 
|  93|0x0000000087900000, 0x0000000087900000, 0x0000000087a00000|  0%| F|  |TAMS 0x0000000087900000, 0x0000000087900000| Untracked 
|  94|0x0000000087a00000, 0x0000000087a00000, 0x0000000087b00000|  0%| F|  |TAMS 0x0000000087a00000, 0x0000000087a00000| Untracked 
|  95|0x0000000087b00000, 0x0000000087b00000, 0x0000000087c00000|  0%| F|  |TAMS 0x0000000087b00000, 0x0000000087b00000| Untracked 
|  96|0x0000000087c00000, 0x0000000087c00000, 0x0000000087d00000|  0%| F|  |TAMS 0x0000000087c00000, 0x0000000087c00000| Untracked 
|  97|0x0000000087d00000, 0x0000000087d00000, 0x0000000087e00000|  0%| F|  |TAMS 0x0000000087d00000, 0x0000000087d00000| Untracked 
|  98|0x0000000087e00000, 0x0000000087e00000, 0x0000000087f00000|  0%| F|  |TAMS 0x0000000087e00000, 0x0000000087e00000| Untracked 
|  99|0x0000000087f00000, 0x0000000087f00000, 0x0000000088000000|  0%| F|  |TAMS 0x0000000087f00000, 0x0000000087f00000| Untracked 
| 100|0x0000000088000000, 0x0000000088000000, 0x0000000088100000|  0%| F|  |TAMS 0x0000000088000000, 0x0000000088000000| Untracked 
| 101|0x0000000088100000, 0x0000000088100000, 0x0000000088200000|  0%| F|  |TAMS 0x0000000088100000, 0x0000000088100000| Untracked 
| 102|0x0000000088200000, 0x0000000088200000, 0x0000000088300000|  0%| F|  |TAMS 0x0000000088200000, 0x0000000088200000| Untracked 
| 103|0x0000000088300000, 0x0000000088300000, 0x0000000088400000|  0%| F|  |TAMS 0x0000000088300000, 0x0000000088300000| Untracked 
| 104|0x0000000088400000, 0x0000000088400000, 0x0000000088500000|  0%| F|  |TAMS 0x0000000088400000, 0x0000000088400000| Untracked 
| 105|0x0000000088500000, 0x0000000088500000, 0x0000000088600000|  0%| F|  |TAMS 0x0000000088500000, 0x0000000088500000| Untracked 
| 106|0x0000000088600000, 0x0000000088600000, 0x0000000088700000|  0%| F|  |TAMS 0x0000000088600000, 0x0000000088600000| Untracked 
| 107|0x0000000088700000, 0x0000000088700000, 0x0000000088800000|  0%| F|  |TAMS 0x0000000088700000, 0x0000000088700000| Untracked 
| 108|0x0000000088800000, 0x0000000088800000, 0x0000000088900000|  0%| F|  |TAMS 0x0000000088800000, 0x0000000088800000| Untracked 
| 109|0x0000000088900000, 0x0000000088900000, 0x0000000088a00000|  0%| F|  |TAMS 0x0000000088900000, 0x0000000088900000| Untracked 
| 110|0x0000000088a00000, 0x0000000088a00000, 0x0000000088b00000|  0%| F|  |TAMS 0x0000000088a00000, 0x0000000088a00000| Untracked 
| 111|0x0000000088b00000, 0x0000000088b00000, 0x0000000088c00000|  0%| F|  |TAMS 0x0000000088b00000, 0x0000000088b00000| Untracked 
| 112|0x0000000088c00000, 0x0000000088c00000, 0x0000000088d00000|  0%| F|  |TAMS 0x0000000088c00000, 0x0000000088c00000| Untracked 
| 113|0x0000000088d00000, 0x0000000088d00000, 0x0000000088e00000|  0%| F|  |TAMS 0x0000000088d00000, 0x0000000088d00000| Untracked 
| 114|0x0000000088e00000, 0x0000000088e00000, 0x0000000088f00000|  0%| F|  |TAMS 0x0000000088e00000, 0x0000000088e00000| Untracked 
| 115|0x0000000088f00000, 0x0000000088f00000, 0x0000000089000000|  0%| F|  |TAMS 0x0000000088f00000, 0x0000000088f00000| Untracked 
| 116|0x0000000089000000, 0x000000008908b2c0, 0x0000000089100000| 54%| E|  |TAMS 0x0000000089000000, 0x0000000089000000| Complete 
| 117|0x0000000089100000, 0x00000000891344e0, 0x0000000089200000| 20%| S|CS|TAMS 0x0000000089100000, 0x0000000089100000| Complete 
| 118|0x0000000089200000, 0x0000000089300000, 0x0000000089300000|100%| S|CS|TAMS 0x0000000089200000, 0x0000000089200000| Complete 
| 119|0x0000000089300000, 0x0000000089400000, 0x0000000089400000|100%| E|CS|TAMS 0x0000000089300000, 0x0000000089300000| Complete 
| 120|0x0000000089400000, 0x0000000089500000, 0x0000000089500000|100%| E|CS|TAMS 0x0000000089400000, 0x0000000089400000| Complete 
| 121|0x0000000089500000, 0x0000000089600000, 0x0000000089600000|100%| E|CS|TAMS 0x0000000089500000, 0x0000000089500000| Complete 
| 122|0x0000000089600000, 0x0000000089700000, 0x0000000089700000|100%| E|CS|TAMS 0x0000000089600000, 0x0000000089600000| Complete 
| 123|0x0000000089700000, 0x0000000089800000, 0x0000000089800000|100%| E|CS|TAMS 0x0000000089700000, 0x0000000089700000| Complete 
| 124|0x0000000089800000, 0x0000000089900000, 0x0000000089900000|100%| E|CS|TAMS 0x0000000089800000, 0x0000000089800000| Complete 
| 125|0x0000000089900000, 0x0000000089a00000, 0x0000000089a00000|100%| E|CS|TAMS 0x0000000089900000, 0x0000000089900000| Complete 
| 126|0x0000000089a00000, 0x0000000089b00000, 0x0000000089b00000|100%| E|CS|TAMS 0x0000000089a00000, 0x0000000089a00000| Complete 
| 127|0x0000000089b00000, 0x0000000089c00000, 0x0000000089c00000|100%| E|CS|TAMS 0x0000000089b00000, 0x0000000089b00000| Complete 

Card table byte_map: [0x000002bad8180000,0x000002bad8580000] _byte_map_base: 0x000002bad7d72000

Marking Bits (Prev, Next): (CMBitMap*) 0x000002bac16d3958, (CMBitMap*) 0x000002bac16d3990
 Prev Bits: [0x000002bad8980000, 0x000002bada910000)
 Next Bits: [0x000002bada910000, 0x000002badc8a0000)

Polling page: 0x000002babf410000

Metaspace:

Usage:
  Non-class:     16.96 MB capacity,    16.57 MB ( 98%) used,   325.48 KB (  2%) free+waste,    74.12 KB ( <1%) overhead. 
      Class:      2.39 MB capacity,     2.06 MB ( 86%) used,   299.84 KB ( 12%) free+waste,    39.25 KB (  2%) overhead. 
       Both:     19.35 MB capacity,    18.63 MB ( 96%) used,   625.33 KB (  3%) free+waste,   113.38 KB ( <1%) overhead. 

Virtual space:
  Non-class space:       18.00 MB reserved,      17.00 MB ( 94%) committed 
      Class space:        1.00 GB reserved,       2.50 MB ( <1%) committed 
             Both:        1.02 GB reserved,      19.50 MB (  2%) committed 

Chunk freelists:
   Non-Class:  5.38 KB
       Class:  1.88 KB
        Both:  7.25 KB

CodeHeap 'non-profiled nmethods': size=120064Kb used=509Kb max_used=509Kb free=119554Kb
 bounds [0x000002bad0840000, 0x000002bad0ab0000, 0x000002bad7d80000]
CodeHeap 'profiled nmethods': size=120000Kb used=3036Kb max_used=3036Kb free=116963Kb
 bounds [0x000002bac9310000, 0x000002bac9610000, 0x000002bad0840000]
CodeHeap 'non-nmethods': size=5696Kb used=1150Kb max_used=1179Kb free=4545Kb
 bounds [0x000002bac8d80000, 0x000002bac8ff0000, 0x000002bac9310000]
 total_blobs=2063 nmethods=1576 adapters=398
 compilation: enabled
              stopped_count=0, restarted_count=0
 full_count=0

Compilation events (10 events):
Event: 1.712 Thread 0x000002badedc9000 nmethod 1574 0x000002bac95fa410 code [0x000002bac95fac20, 0x000002bac9601608]
Event: 1.712 Thread 0x000002badedc9000 1577       3       java.lang.invoke.ConstantCallSite::dynamicInvoker (5 bytes)
Event: 1.712 Thread 0x000002badedc9000 nmethod 1577 0x000002bac9604390 code [0x000002bac9604540, 0x000002bac96047a8]
Event: 1.712 Thread 0x000002badedc9000 1578       3       java.lang.invoke.Invokers::callSiteForm (306 bytes)
Event: 1.713 Thread 0x000002badedc9000 nmethod 1578 0x000002bac9604890 code [0x000002bac9604ba0, 0x000002bac9605fa8]
Event: 1.713 Thread 0x000002badedc9000 1575       3       java.lang.invoke.MethodHandleNatives::staticArgumentsPulled (5 bytes)
Event: 1.714 Thread 0x000002badedc9000 nmethod 1575 0x000002bac9606810 code [0x000002bac96069a0, 0x000002bac9606b78]
Event: 1.714 Thread 0x000002badedc9000 1576       3       java.lang.invoke.Invokers::checkExactType (17 bytes)
Event: 1.714 Thread 0x000002badedc9000 nmethod 1576 0x000002bac9606c10 code [0x000002bac9606dc0, 0x000002bac9606fa8]
Event: 1.775 Thread 0x000002bae0293800 nmethod 1559 0x000002bad08bc910 code [0x000002bad08bcb80, 0x000002bad08be920]

GC Heap History (4 events):
Event: 1.107 GC heap before
{Heap before GC invocations=0 (full 0):
 garbage-first heap   total 131072K, used 13312K [0x0000000081c00000, 0x0000000100000000)
  region size 1024K, 14 young (14336K), 0 survivors (0K)
 Metaspace       used 13799K, capacity 14223K, committed 14464K, reserved 1062912K
  class space    used 1434K, capacity 1617K, committed 1664K, reserved 1048576K
}
Event: 1.111 GC heap after
{Heap after GC invocations=1 (full 0):
 garbage-first heap   total 131072K, used 4501K [0x0000000081c00000, 0x0000000100000000)
  region size 1024K, 2 young (2048K), 2 survivors (2048K)
 Metaspace       used 13799K, capacity 14223K, committed 14464K, reserved 1062912K
  class space    used 1434K, capacity 1617K, committed 1664K, reserved 1048576K
}
Event: 1.340 GC heap before
{Heap before GC invocations=1 (full 0):
 garbage-first heap   total 131072K, used 12693K [0x0000000081c00000, 0x0000000100000000)
  region size 1024K, 11 young (11264K), 2 survivors (2048K)
 Metaspace       used 16105K, capacity 16596K, committed 16768K, reserved 1064960K
  class space    used 1706K, capacity 1917K, committed 1920K, reserved 1048576K
}
Event: 1.348 GC heap after
{Heap after GC invocations=2 (full 0):
 garbage-first heap   total 131072K, used 5767K [0x0000000081c00000, 0x0000000100000000)
  region size 1024K, 2 young (2048K), 2 survivors (2048K)
 Metaspace       used 16105K, capacity 16596K, committed 16768K, reserved 1064960K
  class space    used 1706K, capacity 1917K, committed 1920K, reserved 1048576K
}

Deoptimization events (6 events):
Event: 0.125 Thread 0x000002bac1695800 Uncommon trap: reason=unstable_if action=reinterpret pc=0x000002bad0844618 method=java.lang.String.hashCode()I @ 14 c2
Event: 0.127 Thread 0x000002bac1695800 Uncommon trap: reason=unstable_if action=reinterpret pc=0x000002bad0841570 method=java.lang.String.isLatin1()Z @ 10 c2
Event: 0.474 Thread 0x000002bac1695800 Uncommon trap: reason=unstable_if action=reinterpret pc=0x000002bad085a5e0 method=java.io.WinNTFileSystem.isSlash(C)Z @ 9 c2
Event: 0.995 Thread 0x000002bac1695800 Uncommon trap: reason=unstable_if action=reinterpret pc=0x000002bad0862064 method=java.lang.String.startsWith(Ljava/lang/String;I)Z @ 1 c2
Event: 1.329 Thread 0x000002bae0997000 Uncommon trap: reason=unstable_if action=reinterpret pc=0x000002bad087f3e0 method=jdk.internal.org.objectweb.asm.Type.getArgumentsAndReturnSizes(Ljava/lang/String;)I @ 88 c2
Event: 1.483 Thread 0x000002bac1695800 Uncommon trap: reason=unstable_if action=reinterpret pc=0x000002bad0890a18 method=java.io.ByteArrayInputStream.read([BII)I @ 35 c2

Classes redefined (0 events):
No events

Internal exceptions (10 events):
Event: 1.574 Thread 0x000002bac1695800 Exception <a 'java/lang/NoSuchMethodError'{0x0000000089557438}: java.lang.invoke.DirectMethodHandle$Holder.invokeStatic(Ljava/lang/Object;Ljava/lang/Object;Ljava/lang/Object;Ljava/lang/Object;Ljava/lang/Object;Ljava/lang/Object;Ljava/lang/Object;Ljava/lan
Event: 1.627 Thread 0x000002bae10d9000 Exception <a 'java/lang/NoSuchMethodError'{0x0000000089464870}: java.lang.invoke.DirectMethodHandle$Holder.invokeStatic(Ljava/lang/Object;Ljava/lang/Object;Ljava/lang/Object;Ljava/lang/Object;Ljava/lang/Object;Ljava/lang/Object;Ljava/lang/Object;Ljava/lan
Event: 1.628 Thread 0x000002bae10d9000 Exception <a 'java/lang/NoSuchMethodError'{0x0000000089472740}: java.lang.invoke.DirectMethodHandle$Holder.invokeStatic(Ljava/lang/Object;Ljava/lang/Object;Ljava/lang/Object;Ljava/lang/Object;Ljava/lang/Object;Ljava/lang/Object;Ljava/lang/Object;Ljava/lan
Event: 1.630 Thread 0x000002bae10d9000 Exception <a 'java/lang/NoSuchMethodError'{0x0000000089480478}: java.lang.invoke.DirectMethodHandle$Holder.invokeSpecial(Ljava/lang/Object;Ljava/lang/Object;IILjava/lang/Object;Ljava/lang/Object;I)Ljava/lang/Object;> (0x0000000089480478) thrown at [./open
Event: 1.630 Thread 0x000002bae10d9000 Exception <a 'java/lang/NoSuchMethodError'{0x00000000894838f8}: java.lang.invoke.DelegatingMethodHandle$Holder.reinvoke_L(Ljava/lang/Object;IILjava/lang/Object;Ljava/lang/Object;I)Ljava/lang/Object;> (0x00000000894838f8) thrown at [./open/src/hotspot/shar
Event: 1.630 Thread 0x000002bae10d9000 Exception <a 'java/lang/NoSuchMethodError'{0x00000000894879e8}: java.lang.invoke.DirectMethodHandle$Holder.invokeStatic(Ljava/lang/Object;Ljava/lang/Object;Ljava/lang/Object;Ljava/lang/Object;I)Ljava/lang/Object;> (0x00000000894879e8) thrown at [./open/sr
Event: 1.638 Thread 0x000002bae10d9000 Exception <a 'java/lang/NoSuchMethodError'{0x00000000894d0960}: java.lang.invoke.DirectMethodHandle$Holder.invokeSpecial(Ljava/lang/Object;Ljava/lang/Object;Ljava/lang/Object;Ljava/lang/Object;I)Ljava/lang/Object;> (0x00000000894d0960) thrown at [./open/s
Event: 1.639 Thread 0x000002bae10d9000 Exception <a 'java/lang/NoSuchMethodError'{0x00000000894d39c0}: java.lang.invoke.Invokers$Holder.linkToTargetMethod(Ljava/lang/Object;Ljava/lang/Object;ILjava/lang/Object;)Ljava/lang/Object;> (0x00000000894d39c0) thrown at [./open/src/hotspot/share/interp
Event: 1.664 Thread 0x000002bae10d9000 Exception <a 'java/lang/NoSuchMethodError'{0x000000008932e9a8}: java.lang.invoke.DirectMethodHandle$Holder.invokeSpecial(Ljava/lang/Object;Ljava/lang/Object;Ljava/lang/Object;Ljava/lang/Object;Ljava/lang/Object;)V> (0x000000008932e9a8) thrown at [./open/s
Event: 1.675 Thread 0x000002bae10d9000 Exception <a 'java/lang/NoSuchMethodError'{0x00000000893559d0}: java.lang.invoke.DirectMethodHandle$Holder.invokeStatic(Ljava/lang/Object;JJ)J> (0x00000000893559d0) thrown at [./open/src/hotspot/share/interpreter/linkResolver.cpp, line 772]

Events (10 events):
Event: 1.708 loading class jdk/internal/net/http/Http1Response
Event: 1.708 loading class jdk/internal/net/http/Http1Response done
Event: 1.709 loading class java/util/concurrent/CompletableFuture$UniApply
Event: 1.709 loading class java/util/concurrent/CompletableFuture$UniApply done
Event: 1.709 loading class jdk/internal/net/http/Response
Event: 1.709 loading class jdk/internal/net/http/Response done
Event: 1.709 loading class jdk/internal/net/http/Response
Event: 1.709 loading class jdk/internal/net/http/Response done
Event: 1.709 loading class jdk/internal/net/http/Exchange
Event: 1.709 loading class jdk/internal/net/http/Exchange done


Dynamic libraries:
0x00007ff6fdab0000 - 0x00007ff6fdac0000 	C:\Program Files\Java\jdk-11\bin\javaw.exe
0x00007ffe64a30000 - 0x00007ffe64c28000 	C:\Windows\SYSTEM32\ntdll.dll
0x00007ffe63e60000 - 0x00007ffe63f1d000 	C:\Windows\System32\KERNEL32.DLL
0x00007ffe62770000 - 0x00007ffe62a66000 	C:\Windows\System32\KERNELBASE.dll
0x00007ffe62380000 - 0x00007ffe62480000 	C:\Windows\System32\ucrtbase.dll
0x00007ffe5d780000 - 0x00007ffe5d799000 	C:\Program Files\Java\jdk-11\bin\jli.dll
0x00007ffe64910000 - 0x00007ffe649c3000 	C:\Windows\System32\ADVAPI32.dll
0x00007ffe62a70000 - 0x00007ffe62b0e000 	C:\Windows\System32\msvcrt.dll
0x00007ffe62d00000 - 0x00007ffe62d9f000 	C:\Windows\System32\sechost.dll
0x00007ffe64780000 - 0x00007ffe648a6000 	C:\Windows\System32\RPCRT4.dll
0x00007ffe625e0000 - 0x00007ffe62607000 	C:\Windows\System32\bcrypt.dll
0x00007ffe64480000 - 0x00007ffe6461e000 	C:\Windows\System32\USER32.dll
0x00007ffe62610000 - 0x00007ffe62632000 	C:\Windows\System32\win32u.dll
0x00007ffe643a0000 - 0x00007ffe643cb000 	C:\Windows\System32\GDI32.dll
0x00007ffe620f0000 - 0x00007ffe62207000 	C:\Windows\System32\gdi32full.dll
0x00007ffe62640000 - 0x00007ffe626dd000 	C:\Windows\System32\msvcp_win.dll
0x00007ffe5d730000 - 0x00007ffe5d74b000 	C:\Program Files\Java\jdk-11\bin\VCRUNTIME140.dll
0x00007ffe4d530000 - 0x00007ffe4d7ca000 	C:\Windows\WinSxS\amd64_microsoft.windows.common-controls_6595b64144ccf1df_6.0.19041.3636_none_60b6a03d71f818d5\COMCTL32.dll
0x00007ffe5c690000 - 0x00007ffe5c69a000 	C:\Windows\SYSTEM32\VERSION.dll
0x00007ffe64740000 - 0x00007ffe64772000 	C:\Windows\System32\IMM32.DLL
0x00007ffe5d7d0000 - 0x00007ffe5d7dc000 	C:\Program Files\Java\jdk-11\bin\vcruntime140_1.dll
0x00007ffe31440000 - 0x00007ffe314ce000 	C:\Program Files\Java\jdk-11\bin\msvcp140.dll
0x00007ffe13970000 - 0x00007ffe144dd000 	C:\Program Files\Java\jdk-11\bin\server\jvm.dll
0x00007ffe62f90000 - 0x00007ffe62f98000 	C:\Windows\System32\PSAPI.DLL
0x00007ffe5cda0000 - 0x00007ffe5cda9000 	C:\Windows\SYSTEM32\WSOCK32.dll
0x00007ffe63c40000 - 0x00007ffe63cab000 	C:\Windows\System32\WS2_32.dll
0x00007ffe43c80000 - 0x00007ffe43ca7000 	C:\Windows\SYSTEM32\WINMM.dll
0x00007ffe60980000 - 0x00007ffe60992000 	C:\Windows\SYSTEM32\kernel.appcore.dll
0x00007ffe5d6a0000 - 0x00007ffe5d6b0000 	C:\Program Files\Java\jdk-11\bin\verify.dll
0x00007ffe5fe20000 - 0x00007ffe60004000 	C:\Windows\SYSTEM32\DBGHELP.DLL
0x00007ffe47580000 - 0x00007ffe475b4000 	C:\Windows\SYSTEM32\dbgcore.DLL
0x00007ffe626e0000 - 0x00007ffe62762000 	C:\Windows\System32\bcryptPrimitives.dll
0x00007ffe48540000 - 0x00007ffe48568000 	C:\Program Files\Java\jdk-11\bin\java.dll
0x00007ffe53b00000 - 0x00007ffe53b0a000 	C:\Program Files\Java\jdk-11\bin\jimage.dll
0x00007ffe510f0000 - 0x00007ffe51107000 	C:\Program Files\Java\jdk-11\bin\zip.dll
0x00007ffe63410000 - 0x00007ffe63b55000 	C:\Windows\System32\SHELL32.dll
0x00007ffe60010000 - 0x00007ffe607ac000 	C:\Windows\SYSTEM32\windows.storage.dll
0x00007ffe63f20000 - 0x00007ffe64274000 	C:\Windows\System32\combase.dll
0x00007ffe61a50000 - 0x00007ffe61a7e000 	C:\Windows\SYSTEM32\Wldp.dll
0x00007ffe62e20000 - 0x00007ffe62eed000 	C:\Windows\System32\OLEAUT32.dll
0x00007ffe642f0000 - 0x00007ffe6439d000 	C:\Windows\System32\SHCORE.dll
0x00007ffe64290000 - 0x00007ffe642e5000 	C:\Windows\System32\shlwapi.dll
0x00007ffe62020000 - 0x00007ffe62045000 	C:\Windows\SYSTEM32\profapi.dll
0x00007ffe50c00000 - 0x00007ffe50c19000 	C:\Program Files\Java\jdk-11\bin\net.dll
0x00007ffe5b0c0000 - 0x00007ffe5b1ca000 	C:\Windows\SYSTEM32\WINHTTP.dll
0x00007ffe617b0000 - 0x00007ffe6181a000 	C:\Windows\system32\mswsock.dll
0x00007ffe4c5b0000 - 0x00007ffe4c5c2000 	C:\Program Files\Java\jdk-11\bin\nio.dll
0x00007ffe614e0000 - 0x00007ffe615ab000 	C:\Windows\SYSTEM32\DNSAPI.dll
0x00007ffe614a0000 - 0x00007ffe614db000 	C:\Windows\SYSTEM32\IPHLPAPI.DLL
0x00007ffe64280000 - 0x00007ffe64288000 	C:\Windows\System32\NSI.dll
0x00007ffe5b1d0000 - 0x00007ffe5b1da000 	C:\Windows\System32\rasadhlp.dll
0x00007ffe5a7f0000 - 0x00007ffe5a870000 	C:\Windows\System32\fwpuclnt.dll
0x00007ffe3aee0000 - 0x00007ffe3af07000 	C:\Program Files\Java\jdk-11\bin\sunec.dll
0x00007ffe619a0000 - 0x00007ffe619b8000 	C:\Windows\SYSTEM32\CRYPTSP.dll
0x00007ffe610e0000 - 0x00007ffe61114000 	C:\Windows\system32\rsaenh.dll
0x00007ffe61fe0000 - 0x00007ffe6200e000 	C:\Windows\SYSTEM32\USERENV.dll
0x00007ffe619c0000 - 0x00007ffe619cc000 	C:\Windows\SYSTEM32\CRYPTBASE.dll
0x00007ffe5bc10000 - 0x00007ffe5bc27000 	C:\Windows\SYSTEM32\dhcpcsvc6.DLL
0x00007ffe5baf0000 - 0x00007ffe5bb0d000 	C:\Windows\SYSTEM32\dhcpcsvc.DLL

dbghelp: loaded successfully - version: 4.0.5 - missing functions: none
symbol engine: initialized successfully - sym options: 0x614 - pdb path: .;C:\Program Files\Java\jdk-11\bin;C:\Windows\SYSTEM32;C:\Windows\WinSxS\amd64_microsoft.windows.common-controls_6595b64144ccf1df_6.0.19041.3636_none_60b6a03d71f818d5;C:\Program Files\Java\jdk-11\bin\server

VM Arguments:
jvm_args: -Dfile.encoding=Cp1252 
java_command: testprocess.ecommerseproject
java_class_path (initial): C:\Users\ADMIN\workspace\test section\bin;C:\Users\ADMIN\Desktop\selenium\selenium-api-4.16.1.jar;C:\Users\ADMIN\Desktop\selenium\selenium-api-4.16.1-sources.jar;C:\Users\ADMIN\Desktop\selenium\selenium-chrome-driver-4.16.1.jar;C:\Users\ADMIN\Desktop\selenium\selenium-chrome-driver-4.16.1-sources.jar;C:\Users\ADMIN\Desktop\selenium\selenium-chromium-driver-4.16.1.jar;C:\Users\ADMIN\Desktop\selenium\selenium-chromium-driver-4.16.1-sources.jar;C:\Users\ADMIN\Desktop\selenium\selenium-devtools-v85-4.16.1.jar;C:\Users\ADMIN\Desktop\selenium\selenium-devtools-v85-4.16.1-sources.jar;C:\Users\ADMIN\Desktop\selenium\selenium-devtools-v118-4.16.1.jar;C:\Users\ADMIN\Desktop\selenium\selenium-devtools-v118-4.16.1-sources.jar;C:\Users\ADMIN\Desktop\selenium\selenium-devtools-v119-4.16.1.jar;C:\Users\ADMIN\Desktop\selenium\selenium-devtools-v119-4.16.1-sources.jar;C:\Users\ADMIN\Desktop\selenium\selenium-devtools-v120-4.16.1.jar;C:\Users\ADMIN\Desktop\selenium\selenium-devtools-v120-4.16.1-sources.jar;C:\Users\ADMIN\Desktop\selenium\selenium-edge-driver-4.16.1.jar;C:\Users\ADMIN\Desktop\selenium\selenium-edge-driver-4.16.1-sources.jar;C:\Users\ADMIN\Desktop\selenium\selenium-firefox-driver-4.16.1.jar;C:\Users\ADMIN\Desktop\selenium\selenium-firefox-driver-4.16.1-sources.jar;C:\Users\ADMIN\Desktop\selenium\selenium-http-4.16.1.jar;C:\Users\ADMIN\Desktop\selenium\selenium-http-4.16.1-sources.jar;C:\Users\ADMIN\Desktop\selenium\selenium-ie-driver-4.16.1.jar;C:\Users\ADMIN\Desktop\selenium\selenium-ie-driver-4.16.1-sources.jar;C:\Users\ADMIN\Desktop\selenium\selenium-java-4.16.1.jar;C:\Users\ADMIN\Desktop\selenium\selenium-java-4.16.1-sources.jar;C:\Users\ADMIN\Desktop\selenium\selenium-json-4.16.1.jar;C:\Users\ADMIN\Desktop\selenium\selenium-json-4.16.1-sources.jar;C:\Users\ADMIN\Desktop\selenium\selenium-manager-4.16.1.jar;C:\Users\ADMIN\Desktop\selenium\selenium-manager-4.16.1-sources.jar;C:\Users\ADMIN\Desktop\selenium\selenium-os-4.16.1.jar;C:\Users
Launcher Type: SUN_STANDARD

[Global flags]
     intx CICompilerCount                          = 3                                         {product} {ergonomic}
     uint ConcGCThreads                            = 1                                         {product} {ergonomic}
     uint G1ConcRefinementThreads                  = 4                                         {product} {ergonomic}
   size_t G1HeapRegionSize                         = 1048576                                   {product} {ergonomic}
    uintx GCDrainStackTargetSize                   = 64                                        {product} {ergonomic}
   size_t InitialHeapSize                          = 134217728                                 {product} {ergonomic}
   size_t MarkStackSize                            = 4194304                                   {product} {ergonomic}
   size_t MaxHeapSize                              = 2118123520                                {product} {ergonomic}
   size_t MaxNewSize                               = 1270874112                                {product} {ergonomic}
   size_t MinHeapDeltaBytes                        = 1048576                                   {product} {ergonomic}
    uintx NonNMethodCodeHeapSize                   = 5830732                                {pd product} {ergonomic}
    uintx NonProfiledCodeHeapSize                  = 122913754                              {pd product} {ergonomic}
    uintx ProfiledCodeHeapSize                     = 122913754                              {pd product} {ergonomic}
    uintx ReservedCodeCacheSize                    = 251658240                              {pd product} {ergonomic}
     bool SegmentedCodeCache                       = true                                      {product} {ergonomic}
     bool UseCompressedClassPointers               = true                                 {lp64_product} {ergonomic}
     bool UseCompressedOops                        = true                                 {lp64_product} {ergonomic}
     bool UseG1GC                                  = true                                      {product} {ergonomic}
     bool UseLargePagesIndividualAllocation        = false                                  {pd product} {ergonomic}

Logging:
Log output configuration:
 #0: stdout all=warning uptime,level,tags
 #1: stderr all=off uptime,level,tags

Environment Variables:
PATH=C:/Program Files/Java/jdk-11/bin/server;C:/Program Files/Java/jdk-11/bin;C:\Program Files\Java\jdk-11\bin;C:\Windows\system32;C:\Windows;C:\Windows\System32\Wbem;C:\Windows\System32\WindowsPowerShell\v1.0\;C:\Windows\System32\OpenSSH\;C:\Users\ADMIN\AppData\Local\Microsoft\WindowsApps;;C:\Users\ADMIN\Documents\eclipse;
USERNAME=ADMIN
OS=Windows_NT
PROCESSOR_IDENTIFIER=Intel64 Family 6 Model 158 Stepping 9, GenuineIntel



---------------  S Y S T E M  ---------------

OS: Windows 10 , 64 bit Build 19041 (10.0.19041.3636)

CPU:total 4 (initial active 4) (2 cores per cpu, 2 threads per core) family 6 model 158 stepping 9 microcode 0xb4, cmov, cx8, fxsr, mmx, sse, sse2, sse3, ssse3, sse4.1, sse4.2, popcnt, avx, avx2, aes, clmul, erms, 3dnowpref, lzcnt, ht, tsc, tscinvbit, bmi1, bmi2, adx, fma

Memory: 4k page, system-wide physical 8078M (700M free)
TotalPageFile size 22306M (AvailPageFile size 4M)
current process WorkingSet (physical memory assigned to process): 96M, peak: 99M
current process commit charge ("private bytes"): 236M, peak: 239M

vm_info: Java HotSpot(TM) 64-Bit Server VM (11.0.21+9-LTS-193) for windows-amd64 JRE (11.0.21+9-LTS-193), built on Sep 13 2023 11:04:38 by "mach5one" with MS VC++ 17.1 (VS2022)

END.
